#@ # 
#@ # Running 3dic_shell Version W-2024.09 for linux64 -- Aug 25, 2024
#@ # Date:   Mon May  5 17:52:07 2025
#@ # Run by: 01fe21bec256@CICS2.kletech.ac.in
#@ 

gui_set_pref_value -category {SelectByNamePalette} -key {ObjectType} -value {Logical Cells}
create_lib -technology tech.tf -ref_libs {C4BUMP.ndm UBUMP.ndm} interposer.ndm
create_block interposer -origin_type bottom_left -design_type interposer -dimensions {2422 5018}
link_block
win_set_filter -visible -class cell -filter {assembly_die_margin bridge clock_margin filler_allowed_margin hard_macro_margin hard_margin route_blockage_margin seal_ring_margin soft_margin substrate} -layer {}
win_set_filter -visible -class pseudo_bump -filter {deleted} -layer {}
win_set_filter -visible -class pseudo_tsv -filter {deleted} -layer {}
win_set_filter -visible -class placement_blockage -filter {wiring} -layer {0-11}
win_set_filter -expand_cell_types {soft_macro  }
win_set_select_class -visible {cell port bound routing_blockage shaping_blockage pg_region bump_region pseudo_bump pseudo_tsv pin_blockage block_shielding topology_node topology_edge topology_repeater annotation_shape core_area die_area edit_group shape via terminal fill_cell metal_area metal_area_hole placement_blockage }
win_set_filter -class cell -filter {array assembly_die_margin bridge clock_margin filler_allowed_margin hard_macro_margin hard_margin route_blockage_margin seal_ring_margin soft_margin substrate} -layer {}
win_set_filter -class pseudo_bump -filter {deleted} -layer {}
win_set_filter -class pseudo_tsv -filter {deleted} -layer {}
win_set_filter -class placement_blockage -filter {wiring} -layer {0-11}
win_set_select_class {cell port bound routing_blockage shaping_blockage pg_region bump_region pseudo_bump pseudo_tsv pin_blockage topology_node topology_edge topology_repeater annotation_shape edit_group shape via metal_area metal_area_hole placement_blockage }
read_design_io -file_name_list {Ports_Updated_CSV/PO_C4_Bumpmap_coords.csv} -create_ports -power {vddc vccio vdd1p8 vccfwdio} -ground vss -die_origin {0 0}
gui_set_setting -window [gui_get_current_window -types Layout -mru] -setting showPin -value true
win_set_select_class -visible {cell pin port bound routing_blockage shaping_blockage pg_region bump_region pseudo_bump pseudo_tsv pin_blockage block_shielding topology_node topology_edge topology_repeater annotation_shape core_area die_area edit_group shape via terminal fill_cell metal_area metal_area_hole placement_blockage }
win_set_select_class {cell pin port bound routing_blockage shaping_blockage pg_region bump_region pseudo_bump pseudo_tsv pin_blockage topology_node topology_edge topology_repeater annotation_shape edit_group shape via metal_area metal_area_hole placement_blockage }
gui_zoom -window [gui_get_current_window -types Layout -mru] -factor 2 -at_point {1558.1550 3539.5900}
gui_zoom -window [gui_get_current_window -types Layout -mru] -factor 2 -at_point {1455.3050 3550.4650}
gui_zoom -window [gui_get_current_window -types Layout -mru] -factor 2 -at_point {1455.3050 3550.4650}
gui_zoom -window [gui_get_current_window -types Layout -mru] -factor 2 -at_point {1455.3050 3550.4650}
gui_zoom -window [gui_get_current_window -types Layout -mru] -factor 0.5 -at_point {1407.9150 3511.1050}
gui_zoom -window [gui_get_current_window -types Layout -mru] -factor 0.5 -at_point {1408.6800 3511.4850}
gui_zoom -window [gui_get_current_window -types Layout -mru] -factor 0.5 -at_point {1414.0300 3512.2500}
gui_zoom -window [gui_get_current_window -types Layout -mru] -factor 0.5 -at_point {1412.5000 3513.7800}
gui_zoom -window [gui_get_current_window -types Layout -mru] -factor 0.5 -at_point {1259.6350 3250.8450}
gui_zoom -window [gui_get_current_window -types Layout -mru] -factor 0.5 -at_point {1210.7150 3134.6650}
gui_zoom -window [gui_get_current_window -types Layout -mru] -factor 2 -at_point {489.1800 1398.0850}
gui_zoom -window [gui_get_current_window -types Layout -mru] -factor 2 -at_point {648.1600 1520.3750}
gui_zoom -window [gui_get_current_window -types Layout -mru] -factor 2 -at_point {1039.5050 1917.8350}
gui_zoom -window [gui_get_current_window -types Layout -mru] -factor 2 -at_point {1042.5600 1917.8350}
gui_zoom -window [gui_get_current_window -types Layout -mru] -factor 2 -at_point {1042.5600 1917.8350}
gui_zoom -window [gui_get_current_window -types Layout -mru] -factor 0.5 -at_point {1042.5600 1917.8350}
gui_zoom -window [gui_get_current_window -types Layout -mru] -factor 0.5 -at_point {1042.5600 1917.8350}
gui_zoom -window [gui_get_current_window -types Layout -mru] -factor 0.5 -at_point {1039.5050 1905.6050}
gui_zoom -window [gui_get_current_window -types Layout -mru] -factor 0.5 -at_point {972.2400 1960.6400}
save_lib; close_lib
open_block -edit interposer.ndm:interposer.design
link_block
win_set_select_class -visible {cell port bound routing_blockage shaping_blockage pg_region bump_region pseudo_bump pseudo_tsv pin_blockage block_shielding topology_node topology_edge topology_repeater annotation_shape core_area die_area edit_group shape via terminal fill_cell metal_area metal_area_hole placement_blockage }
win_set_select_class {cell port bound routing_blockage shaping_blockage pg_region bump_region pseudo_bump pseudo_tsv pin_blockage topology_node topology_edge topology_repeater annotation_shape edit_group shape via metal_area metal_area_hole placement_blockage }
gui_zoom -window [gui_get_current_window -types Layout -mru] -factor 2 -at_point {1533.6200 2987.4900}
gui_zoom -window [gui_get_current_window -types Layout -mru] -factor 2 -at_point {1537.8550 2987.9100}
gui_zoom -window [gui_get_current_window -types Layout -mru] -factor 2 -at_point {1537.8550 2987.9100}
gui_zoom -window [gui_get_current_window -types Layout -mru] -factor 0.5 -at_point {1511.8650 2980.2700}
gui_zoom -window [gui_get_current_window -types Layout -mru] -factor 0.5 -at_point {1511.8650 2980.2700}
gui_zoom -window [gui_get_current_window -types Layout -mru] -factor 0.5 -at_point {1513.3950 2981.7950}
gui_zoom -window [gui_get_current_window -types Layout -mru] -factor 2 -at_point {1510.3350 2981.7950}
gui_zoom -window [gui_get_current_window -types Layout -mru] -factor 2 -at_point {1510.3350 2981.7950}
gui_zoom -window [gui_get_current_window -types Layout -mru] -factor 2 -at_point {1510.3350 2981.7950}
gui_zoom -window [gui_get_current_window -types Layout -mru] -factor 2 -at_point {1510.3350 2981.7950}
gui_zoom -window [gui_get_current_window -types Layout -mru] -factor 0.5 -at_point {1510.3350 2981.7950}
gui_zoom -window [gui_get_current_window -types Layout -mru] -factor 0.5 -at_point {1510.3350 2981.0300}
gui_zoom -window [gui_get_current_window -types Layout -mru] -factor 0.5 -at_point {1510.3350 2980.2700}
gui_zoom -window [gui_get_current_window -types Layout -mru] -factor 0.5 -at_point {1510.3350 2981.7950}
gui_zoom -window [gui_get_current_window -types Layout -mru] -factor 0.5 -at_point {1510.3350 2981.7950}
gui_zoom -window [gui_get_current_window -types Layout -mru] -factor 0.5 -at_point {1504.2200 2975.6800}
gui_zoom -window [gui_get_current_window -types Layout -mru] -factor 2 -at_point {1491.9950 2963.4500}
close_lib
create_lib -technology tech.tf -ref_libs {C4BUMP.ndm/ UBUMP.ndm/ interposer.ndm/ eridani.ndm/ maia.ndm/ vega.ndm/} top_alnitak_2.ndm
create_block top_alnitak_2 -origin_type bottom_left -dimensions {2422 5018} -design_type 3dic
create_lib -technology tech.tf -ref_libs {C4BUMP.ndm/ UBUMP.ndm/ interposer.ndm/ eridani.ndm/ maia.ndm/ vega.ndm/} top_alnitak_2.ndm
create_block top_alnitak_2 -origin_type bottom_left -dimensions {2422 5018} -design_type 3dic
gui_set_preset -category Layout -system -name {3dic}
gui_set_setting -window [gui_get_current_window -types Layout -mru] -setting colorPathDataPaths -value yellow
gui_set_setting -window [gui_get_current_window -types Layout -mru] -setting colorPathLaunchClockPaths -value green
gui_set_setting -window [gui_get_current_window -types Layout -mru] -setting colorPathCaptureClockPaths -value red
gui_set_setting -window [gui_get_current_window -types Layout -mru] -setting colorPathCommonClockPaths -value magenta
gui_set_setting -window [gui_get_current_window -types Layout -mru] -setting colorPathCells -value blue
gui_set_setting -window [gui_get_current_window -types Layout -mru] -setting colorColorMask1Soft -value red
gui_set_setting -window [gui_get_current_window -types Layout -mru] -setting hatchColorMask1Soft -value Dense2Pattern
gui_set_setting -window [gui_get_current_window -types Layout -mru] -setting colorColorMask1Hard -value red
gui_set_setting -window [gui_get_current_window -types Layout -mru] -setting hatchColorMask1Hard -value DiagCrossPattern
gui_set_setting -window [gui_get_current_window -types Layout -mru] -setting colorColorMask2Soft -value orange
gui_set_setting -window [gui_get_current_window -types Layout -mru] -setting hatchColorMask2Soft -value Dense2Pattern
gui_set_setting -window [gui_get_current_window -types Layout -mru] -setting colorColorMask2Hard -value orange
gui_set_setting -window [gui_get_current_window -types Layout -mru] -setting hatchColorMask2Hard -value DiagCrossPattern
gui_set_setting -window [gui_get_current_window -types Layout -mru] -setting colorColorMask3Soft -value yellow
gui_set_setting -window [gui_get_current_window -types Layout -mru] -setting hatchColorMask3Soft -value Dense2Pattern
gui_set_setting -window [gui_get_current_window -types Layout -mru] -setting colorColorMask3Hard -value yellow
gui_set_setting -window [gui_get_current_window -types Layout -mru] -setting hatchColorMask3Hard -value DiagCrossPattern
gui_set_setting -window [gui_get_current_window -types Layout -mru] -setting colorColorMask4Soft -value green2
gui_set_setting -window [gui_get_current_window -types Layout -mru] -setting hatchColorMask4Soft -value Dense2Pattern
gui_set_setting -window [gui_get_current_window -types Layout -mru] -setting colorColorMask4Hard -value green2
gui_set_setting -window [gui_get_current_window -types Layout -mru] -setting hatchColorMask4Hard -value DiagCrossPattern
gui_set_setting -window [gui_get_current_window -types Layout -mru] -setting colorColorMask5Soft -value cyan
gui_set_setting -window [gui_get_current_window -types Layout -mru] -setting hatchColorMask5Soft -value Dense2Pattern
gui_set_setting -window [gui_get_current_window -types Layout -mru] -setting colorColorMask5Hard -value cyan
gui_set_setting -window [gui_get_current_window -types Layout -mru] -setting hatchColorMask5Hard -value DiagCrossPattern
gui_set_setting -window [gui_get_current_window -types Layout -mru] -setting colorColorMask6Soft -value magenta
gui_set_setting -window [gui_get_current_window -types Layout -mru] -setting hatchColorMask6Soft -value Dense2Pattern
gui_set_setting -window [gui_get_current_window -types Layout -mru] -setting colorColorMask6Hard -value magenta
gui_set_setting -window [gui_get_current_window -types Layout -mru] -setting hatchColorMask6Hard -value DiagCrossPattern
gui_set_setting -window [gui_get_current_window -types Layout -mru] -setting colorColorMask7Soft -value lightsalmon
gui_set_setting -window [gui_get_current_window -types Layout -mru] -setting hatchColorMask7Soft -value Dense2Pattern
gui_set_setting -window [gui_get_current_window -types Layout -mru] -setting colorColorMask7Hard -value lightsalmon
gui_set_setting -window [gui_get_current_window -types Layout -mru] -setting hatchColorMask7Hard -value DiagCrossPattern
gui_set_setting -window [gui_get_current_window -types Layout -mru] -setting colorColorMask8Soft -value pink
gui_set_setting -window [gui_get_current_window -types Layout -mru] -setting hatchColorMask8Soft -value Dense2Pattern
gui_set_setting -window [gui_get_current_window -types Layout -mru] -setting colorColorMask8Hard -value pink
gui_set_setting -window [gui_get_current_window -types Layout -mru] -setting hatchColorMask8Hard -value DiagCrossPattern
gui_set_setting -window [gui_get_current_window -types Layout -mru] -setting colorColorMask9Soft -value lightgreen
gui_set_setting -window [gui_get_current_window -types Layout -mru] -setting hatchColorMask9Soft -value Dense2Pattern
gui_set_setting -window [gui_get_current_window -types Layout -mru] -setting colorColorMask9Hard -value lightgreen
gui_set_setting -window [gui_get_current_window -types Layout -mru] -setting hatchColorMask9Hard -value DiagCrossPattern
gui_set_setting -window [gui_get_current_window -types Layout -mru] -setting colorColorMask10Soft -value lightblue
gui_set_setting -window [gui_get_current_window -types Layout -mru] -setting hatchColorMask10Soft -value Dense2Pattern
gui_set_setting -window [gui_get_current_window -types Layout -mru] -setting colorColorMask10Hard -value lightblue
gui_set_setting -window [gui_get_current_window -types Layout -mru] -setting hatchColorMask10Hard -value DiagCrossPattern
gui_set_setting -window [gui_get_current_window -types Layout -mru] -setting colorColorMask11Soft -value brown
gui_set_setting -window [gui_get_current_window -types Layout -mru] -setting hatchColorMask11Soft -value Dense2Pattern
gui_set_setting -window [gui_get_current_window -types Layout -mru] -setting colorColorMask11Hard -value brown
gui_set_setting -window [gui_get_current_window -types Layout -mru] -setting hatchColorMask11Hard -value DiagCrossPattern
gui_set_setting -window [gui_get_current_window -types Layout -mru] -setting colorColorMask12Soft -value chocolate
gui_set_setting -window [gui_get_current_window -types Layout -mru] -setting hatchColorMask12Soft -value Dense2Pattern
gui_set_setting -window [gui_get_current_window -types Layout -mru] -setting colorColorMask12Hard -value chocolate
gui_set_setting -window [gui_get_current_window -types Layout -mru] -setting hatchColorMask12Hard -value DiagCrossPattern
gui_set_setting -window [gui_get_current_window -types Layout -mru] -setting colorColorMask13Soft -value slateblue
gui_set_setting -window [gui_get_current_window -types Layout -mru] -setting hatchColorMask13Soft -value Dense2Pattern
gui_set_setting -window [gui_get_current_window -types Layout -mru] -setting colorColorMask13Hard -value slateblue
gui_set_setting -window [gui_get_current_window -types Layout -mru] -setting hatchColorMask13Hard -value DiagCrossPattern
gui_set_setting -window [gui_get_current_window -types Layout -mru] -setting colorColorMask14Soft -value darkmagenta
gui_set_setting -window [gui_get_current_window -types Layout -mru] -setting hatchColorMask14Soft -value Dense2Pattern
gui_set_setting -window [gui_get_current_window -types Layout -mru] -setting colorColorMask14Hard -value darkmagenta
gui_set_setting -window [gui_get_current_window -types Layout -mru] -setting hatchColorMask14Hard -value DiagCrossPattern
gui_set_setting -window [gui_get_current_window -types Layout -mru] -setting colorColorMask15Soft -value orchid
gui_set_setting -window [gui_get_current_window -types Layout -mru] -setting hatchColorMask15Soft -value Dense2Pattern
gui_set_setting -window [gui_get_current_window -types Layout -mru] -setting colorColorMask15Hard -value orchid
gui_set_setting -window [gui_get_current_window -types Layout -mru] -setting hatchColorMask15Hard -value DiagCrossPattern
gui_set_setting -window [gui_get_current_window -types Layout -mru] -setting colorColorMaskSame -value blue
gui_set_setting -window [gui_get_current_window -types Layout -mru] -setting hatchColorMaskSame -value Dense4Pattern
gui_set_setting -window [gui_get_current_window -types Layout -mru] -setting colorTopologyNodeIntermediate -value gray
win_set_filter -visible -class cell -filter {assembly_die_margin bridge clock_margin core cover filler_allowed_margin ftv hard_macro_margin hard_margin hier physical_only route_blockage_margin seal_ring_margin soft_margin spare substrate} -layer {}
win_set_filter -start_level 0 -stop_level 2 -visible
win_set_filter -expand_cell_types {io soft_macro ilm other  }
win_set_select_class -visible {cell bump_region pseudo_bump pseudo_tsv block_shielding topology_node topology_edge topology_repeater annotation_shape die_area shape via terminal metal_area metal_area_hole }
win_set_filter -class cell -filter {array assembly_die_margin bridge clock_margin core cover filler_allowed_margin ftv hard_macro_margin hard_margin hier physical_only route_blockage_margin seal_ring_margin soft_margin spare substrate} -layer {}
win_set_select_class {cell bump_region pseudo_bump pseudo_tsv topology_node topology_edge topology_repeater annotation_shape shape via terminal metal_area metal_area_hole }
link_block
read_verilog top_alnitak_2.v
link_block
win_set_filter -visible -class bump_region -filter {} -layer {44}
win_set_filter -visible -class pseudo_bump -filter {} -layer {44}
win_set_filter -visible -class pseudo_tsv -filter {} -layer {44}
win_set_filter -visible -class shape -filter {} -layer {44}
win_set_filter -visible -class via -filter {} -layer {44}
win_set_filter -visible -class terminal -filter {}  -layer {44}
win_set_filter -visible -class metal_area -layer {44}
win_set_filter -class bump_region -filter {} -layer {44}
win_set_filter -class pseudo_bump -filter {} -layer {44}
win_set_filter -class pseudo_tsv -filter {} -layer {44}
win_set_filter -class shape -filter {} -layer {44}
win_set_filter -class via -filter {} -layer {44}
win_set_filter -class terminal -filter {}  -layer {44}
win_set_filter -class metal_area -layer {44}
win_set_filter -visible -class pseudo_bump -filter {deleted} -layer {44}
win_set_filter -visible -class pseudo_tsv -filter {deleted} -layer {44}
win_set_filter -class pseudo_bump -filter {deleted} -layer {44}
win_set_filter -class pseudo_tsv -filter {deleted} -layer {44}
set_cell_location -coordinates {790 2608.38} -orientation MX -z_offset 1 [get_cells -design [current_block] {eridani_inst}]
set_cell_location -coordinates {790 263} -orientation MX -z_offset 1 [get_cells -design [current_block] {maia_inst}]
set_cell_location -coordinates {1235.48 263} -orientation MX -z_offset 1 [get_cells -design [current_block] {vega_inst}]
set_cell_location -coordinates {0 0} -orientation MX -mirror -z_offset 0 [get_cells -design [current_block] {interposer_inst}]
report_3d_chip_placement
create_3d_mirror_bumps -from eridani_inst -to interposer_inst -ref_cell UBUMP -prefix inst_
create_3d_mirror_bumps -from maia_inst -to interposer_inst -ref_cell UBUMP -prefix inst_
create_3d_mirror_bumps -from vega_inst -to interposer_inst -ref_cell UBUMP -prefix inst_
gui_set_setting -window [gui_get_current_window -types Layout -mru] -setting showCell_eridani_inst -value false
gui_set_setting -window [gui_get_current_window -types Layout -mru] -setting showCell_maia_inst -value false
gui_set_setting -window [gui_get_current_window -types Layout -mru] -setting showCell_vega_inst -value false
win_set_filter -visible -class cell -filter {} -layer {eridani_inst maia_inst vega_inst}
win_set_filter -class cell -filter {} -layer {eridani_inst maia_inst vega_inst}
win_set_filter -visible -class cell -filter {assembly_die_margin bridge clock_margin core cover filler_allowed_margin ftv hard_macro_margin hard_margin hier physical_only route_blockage_margin seal_ring_margin soft_margin spare substrate} -layer {eridani_inst maia_inst vega_inst}
win_set_filter -class cell -filter {array assembly_die_margin bridge clock_margin core cover filler_allowed_margin ftv hard_macro_margin hard_margin hier physical_only route_blockage_margin seal_ring_margin soft_margin spare substrate} -layer {eridani_inst maia_inst vega_inst}
assign_3d_interchip_nets
save_block -hierarchical top_alnitak_2.ndm:top_alnitak_2
open_block interposer.ndm:interposer.ndm
open_block interposer.ndm:interposer.design
link_block
win_set_filter -visible -class cell -filter {assembly_die_margin bridge clock_margin filler_allowed_margin hard_macro_margin hard_margin route_blockage_margin seal_ring_margin soft_margin substrate} -layer {}
win_set_filter -visible -class bump_region -filter {} -layer {}
win_set_filter -visible -class pseudo_bump -filter {} -layer {}
win_set_filter -visible -class pseudo_tsv -filter {} -layer {}
win_set_filter -visible -class shape -filter {} -layer {}
win_set_filter -visible -class via -filter {} -layer {}
win_set_filter -visible -class terminal -filter {}  -layer {}
win_set_filter -visible -class metal_area -layer {}
win_set_filter -start_level 0 -stop_level 0 -visible
win_set_filter -expand_cell_types {soft_macro  }
win_set_select_class -visible {cell port bound routing_blockage shaping_blockage pg_region bump_region pseudo_bump pseudo_tsv pin_blockage block_shielding topology_node topology_edge topology_repeater annotation_shape core_area die_area edit_group shape via terminal fill_cell metal_area metal_area_hole placement_blockage }
win_set_filter -class cell -filter {array assembly_die_margin bridge clock_margin filler_allowed_margin hard_macro_margin hard_margin route_blockage_margin seal_ring_margin soft_margin substrate} -layer {}
win_set_filter -class bump_region -filter {} -layer {}
win_set_filter -class pseudo_bump -filter {} -layer {}
win_set_filter -class pseudo_tsv -filter {} -layer {}
win_set_filter -class shape -filter {} -layer {}
win_set_filter -class via -filter {} -layer {}
win_set_filter -class metal_area -layer {}
win_set_select_class {cell port bound routing_blockage shaping_blockage pg_region bump_region pseudo_bump pseudo_tsv pin_blockage topology_node topology_edge topology_repeater annotation_shape edit_group shape via metal_area metal_area_hole placement_blockage }
win_set_filter -visible -class pseudo_bump -filter {deleted} -layer {}
win_set_filter -visible -class pseudo_tsv -filter {deleted} -layer {}
win_set_filter -class pseudo_bump -filter {deleted} -layer {}
win_set_filter -class pseudo_tsv -filter {deleted} -layer {}
gui_zoom -window [gui_get_current_window -types Layout -mru] -factor 2 -at_point {1208.4900 3183.7900}
gui_zoom -window [gui_get_current_window -types Layout -mru] -factor 2 -at_point {1210.7150 3183.5850}
gui_zoom -window [gui_get_current_window -types Layout -mru] -factor 2 -at_point {1183.2000 3012.3700}
gui_zoom -window [gui_get_current_window -types Layout -mru] -factor 2 -at_point {1183.2000 3012.3700}
gui_zoom -window [gui_get_current_window -types Layout -mru] -factor 0.5 -at_point {1187.4050 3013.5150}
gui_zoom -window [gui_get_current_window -types Layout -mru] -factor 0.5 -at_point {1187.7850 3013.1350}
gui_zoom -window [gui_get_current_window -types Layout -mru] -factor 0.5 -at_point {1187.7850 3013.9000}
gui_zoom -window [gui_get_current_window -types Layout -mru] -factor 0.5 -at_point {1198.4850 3024.6000}
gui_set_setting -window [gui_get_current_window -types Layout -mru] -setting showPin -value true
win_set_select_class -visible {cell pin port bound routing_blockage shaping_blockage pg_region bump_region pseudo_bump pseudo_tsv pin_blockage block_shielding topology_node topology_edge topology_repeater annotation_shape core_area die_area edit_group shape via terminal fill_cell metal_area metal_area_hole placement_blockage }
win_set_select_class {cell pin port bound routing_blockage shaping_blockage pg_region bump_region pseudo_bump pseudo_tsv pin_blockage topology_node topology_edge topology_repeater annotation_shape edit_group shape via metal_area metal_area_hole placement_blockage }
gui_zoom -window [gui_get_current_window -types Layout -mru] -factor 2 -at_point {1186.2550 3073.5150}
gui_zoom -window [gui_get_current_window -types Layout -mru] -factor 2 -at_point {1186.2550 3073.5150}
gui_zoom -window [gui_get_current_window -types Layout -mru] -factor 2 -at_point {1186.2550 3073.5150}
gui_zoom -window [gui_get_current_window -types Layout -mru] -factor 2 -at_point {1186.2550 3073.5150}
gui_zoom -window [gui_get_current_window -types Layout -mru] -factor 0.5 -at_point {1186.2550 3073.5150}
gui_zoom -window [gui_get_current_window -types Layout -mru] -factor 0.5 -at_point {1187.0200 3073.5150}
gui_zoom -window [gui_get_current_window -types Layout -mru] -factor 0.5 -at_point {1186.2550 3073.5150}
gui_zoom -window [gui_get_current_window -types Layout -mru] -factor 0.5 -at_point {1186.2550 3073.5150}
gui_zoom -window [gui_get_current_window -types Layout -mru] -factor 0.5 -at_point {1186.2550 3073.5150}
save_block -hierarchical interposer.ndm:interposer
set_working_design_stack top_alnitak_2.ndm:top_alnitak_2.design
win_set_filter -visible -class cell -filter {assembly_die_margin bridge clock_margin core cover filler_allowed_margin ftv hard_macro_margin hard_margin hier physical_only route_blockage_margin seal_ring_margin soft_margin spare substrate} -layer {eridani_inst maia_inst vega_inst}
win_set_filter -visible -class bump_region -filter {} -layer {44}
win_set_filter -visible -class pseudo_bump -filter {} -layer {44}
win_set_filter -visible -class pseudo_tsv -filter {} -layer {44}
win_set_filter -visible -class shape -filter {} -layer {44}
win_set_filter -visible -class via -filter {} -layer {44}
win_set_filter -visible -class terminal -filter {}  -layer {44}
win_set_filter -visible -class metal_area -layer {44}
win_set_filter -start_level 0 -stop_level 2 -visible
win_set_filter -expand_cell_types {io soft_macro ilm other  }
win_set_select_class -visible {cell bump_region pseudo_bump pseudo_tsv block_shielding topology_node topology_edge topology_repeater annotation_shape die_area shape via terminal metal_area metal_area_hole }
win_set_filter -class cell -filter {array assembly_die_margin bridge clock_margin core cover filler_allowed_margin ftv hard_macro_margin hard_margin hier physical_only route_blockage_margin seal_ring_margin soft_margin spare substrate} -layer {eridani_inst maia_inst vega_inst}
win_set_filter -class bump_region -filter {} -layer {44}
win_set_filter -class pseudo_bump -filter {} -layer {44}
win_set_filter -class pseudo_tsv -filter {} -layer {44}
win_set_filter -class shape -filter {} -layer {44}
win_set_filter -class via -filter {} -layer {44}
win_set_filter -class metal_area -layer {44}
win_set_select_class {cell bump_region pseudo_bump pseudo_tsv topology_node topology_edge topology_repeater annotation_shape shape via terminal metal_area metal_area_hole }
win_set_filter -visible -class pseudo_bump -filter {deleted} -layer {44}
win_set_filter -visible -class pseudo_tsv -filter {deleted} -layer {44}
win_set_filter -class pseudo_bump -filter {deleted} -layer {44}
win_set_filter -class pseudo_tsv -filter {deleted} -layer {44}
gui_zoom -window [gui_get_current_window -types Layout -mru] -factor 2 -at_point {1147.1450 2607.1500}
gui_zoom -window [gui_get_current_window -types Layout -mru] -factor 2 -at_point {1149.5700 2605.7400}
gui_zoom -window [gui_get_current_window -types Layout -mru] -factor 2 -at_point {1149.5700 2605.7400}
gui_zoom -window [gui_get_current_window -types Layout -mru] -factor 2 -at_point {1149.5700 2605.7400}
gui_zoom -window [gui_get_current_window -types Layout -mru] -factor 0.5 -at_point {1149.5700 2605.7400}
gui_zoom -window [gui_get_current_window -types Layout -mru] -factor 0.5 -at_point {1149.5700 2605.7400}
gui_zoom -window [gui_get_current_window -types Layout -mru] -factor 0.5 -at_point {1149.5700 2605.7400}
gui_zoom -window [gui_get_current_window -types Layout -mru] -factor 0.5 -at_point {1614.2850 2321.4050}
gui_zoom -window [gui_get_current_window -types Layout -mru] -factor 0.5 -at_point {1614.2850 2321.4050}
save_block -hierarchical top_alnitak_2.ndm:top_alnitak_2
close_lib
close_lib
open_block top_alnitak_2.ndm:top_alnitak_2.design
gui_set_preset -category Layout -system -name {3dic}
gui_set_setting -window [gui_get_current_window -types Layout -mru] -setting colorPathDataPaths -value yellow
gui_set_setting -window [gui_get_current_window -types Layout -mru] -setting colorPathLaunchClockPaths -value green
gui_set_setting -window [gui_get_current_window -types Layout -mru] -setting colorPathCaptureClockPaths -value red
gui_set_setting -window [gui_get_current_window -types Layout -mru] -setting colorPathCommonClockPaths -value magenta
gui_set_setting -window [gui_get_current_window -types Layout -mru] -setting colorPathCells -value blue
gui_set_setting -window [gui_get_current_window -types Layout -mru] -setting colorColorMask1Soft -value red
gui_set_setting -window [gui_get_current_window -types Layout -mru] -setting hatchColorMask1Soft -value Dense2Pattern
gui_set_setting -window [gui_get_current_window -types Layout -mru] -setting colorColorMask1Hard -value red
gui_set_setting -window [gui_get_current_window -types Layout -mru] -setting hatchColorMask1Hard -value DiagCrossPattern
gui_set_setting -window [gui_get_current_window -types Layout -mru] -setting colorColorMask2Soft -value orange
gui_set_setting -window [gui_get_current_window -types Layout -mru] -setting hatchColorMask2Soft -value Dense2Pattern
gui_set_setting -window [gui_get_current_window -types Layout -mru] -setting colorColorMask2Hard -value orange
gui_set_setting -window [gui_get_current_window -types Layout -mru] -setting hatchColorMask2Hard -value DiagCrossPattern
gui_set_setting -window [gui_get_current_window -types Layout -mru] -setting colorColorMask3Soft -value yellow
gui_set_setting -window [gui_get_current_window -types Layout -mru] -setting hatchColorMask3Soft -value Dense2Pattern
gui_set_setting -window [gui_get_current_window -types Layout -mru] -setting colorColorMask3Hard -value yellow
gui_set_setting -window [gui_get_current_window -types Layout -mru] -setting hatchColorMask3Hard -value DiagCrossPattern
gui_set_setting -window [gui_get_current_window -types Layout -mru] -setting colorColorMask4Soft -value green2
gui_set_setting -window [gui_get_current_window -types Layout -mru] -setting hatchColorMask4Soft -value Dense2Pattern
gui_set_setting -window [gui_get_current_window -types Layout -mru] -setting colorColorMask4Hard -value green2
gui_set_setting -window [gui_get_current_window -types Layout -mru] -setting hatchColorMask4Hard -value DiagCrossPattern
gui_set_setting -window [gui_get_current_window -types Layout -mru] -setting colorColorMask5Soft -value cyan
gui_set_setting -window [gui_get_current_window -types Layout -mru] -setting hatchColorMask5Soft -value Dense2Pattern
gui_set_setting -window [gui_get_current_window -types Layout -mru] -setting colorColorMask5Hard -value cyan
gui_set_setting -window [gui_get_current_window -types Layout -mru] -setting hatchColorMask5Hard -value DiagCrossPattern
gui_set_setting -window [gui_get_current_window -types Layout -mru] -setting colorColorMask6Soft -value magenta
gui_set_setting -window [gui_get_current_window -types Layout -mru] -setting hatchColorMask6Soft -value Dense2Pattern
gui_set_setting -window [gui_get_current_window -types Layout -mru] -setting colorColorMask6Hard -value magenta
gui_set_setting -window [gui_get_current_window -types Layout -mru] -setting hatchColorMask6Hard -value DiagCrossPattern
gui_set_setting -window [gui_get_current_window -types Layout -mru] -setting colorColorMask7Soft -value lightsalmon
gui_set_setting -window [gui_get_current_window -types Layout -mru] -setting hatchColorMask7Soft -value Dense2Pattern
gui_set_setting -window [gui_get_current_window -types Layout -mru] -setting colorColorMask7Hard -value lightsalmon
gui_set_setting -window [gui_get_current_window -types Layout -mru] -setting hatchColorMask7Hard -value DiagCrossPattern
gui_set_setting -window [gui_get_current_window -types Layout -mru] -setting colorColorMask8Soft -value pink
gui_set_setting -window [gui_get_current_window -types Layout -mru] -setting hatchColorMask8Soft -value Dense2Pattern
gui_set_setting -window [gui_get_current_window -types Layout -mru] -setting colorColorMask8Hard -value pink
gui_set_setting -window [gui_get_current_window -types Layout -mru] -setting hatchColorMask8Hard -value DiagCrossPattern
gui_set_setting -window [gui_get_current_window -types Layout -mru] -setting colorColorMask9Soft -value lightgreen
gui_set_setting -window [gui_get_current_window -types Layout -mru] -setting hatchColorMask9Soft -value Dense2Pattern
gui_set_setting -window [gui_get_current_window -types Layout -mru] -setting colorColorMask9Hard -value lightgreen
gui_set_setting -window [gui_get_current_window -types Layout -mru] -setting hatchColorMask9Hard -value DiagCrossPattern
gui_set_setting -window [gui_get_current_window -types Layout -mru] -setting colorColorMask10Soft -value lightblue
gui_set_setting -window [gui_get_current_window -types Layout -mru] -setting hatchColorMask10Soft -value Dense2Pattern
gui_set_setting -window [gui_get_current_window -types Layout -mru] -setting colorColorMask10Hard -value lightblue
gui_set_setting -window [gui_get_current_window -types Layout -mru] -setting hatchColorMask10Hard -value DiagCrossPattern
gui_set_setting -window [gui_get_current_window -types Layout -mru] -setting colorColorMask11Soft -value brown
gui_set_setting -window [gui_get_current_window -types Layout -mru] -setting hatchColorMask11Soft -value Dense2Pattern
gui_set_setting -window [gui_get_current_window -types Layout -mru] -setting colorColorMask11Hard -value brown
gui_set_setting -window [gui_get_current_window -types Layout -mru] -setting hatchColorMask11Hard -value DiagCrossPattern
gui_set_setting -window [gui_get_current_window -types Layout -mru] -setting colorColorMask12Soft -value chocolate
gui_set_setting -window [gui_get_current_window -types Layout -mru] -setting hatchColorMask12Soft -value Dense2Pattern
gui_set_setting -window [gui_get_current_window -types Layout -mru] -setting colorColorMask12Hard -value chocolate
gui_set_setting -window [gui_get_current_window -types Layout -mru] -setting hatchColorMask12Hard -value DiagCrossPattern
gui_set_setting -window [gui_get_current_window -types Layout -mru] -setting colorColorMask13Soft -value slateblue
gui_set_setting -window [gui_get_current_window -types Layout -mru] -setting hatchColorMask13Soft -value Dense2Pattern
gui_set_setting -window [gui_get_current_window -types Layout -mru] -setting colorColorMask13Hard -value slateblue
gui_set_setting -window [gui_get_current_window -types Layout -mru] -setting hatchColorMask13Hard -value DiagCrossPattern
gui_set_setting -window [gui_get_current_window -types Layout -mru] -setting colorColorMask14Soft -value darkmagenta
gui_set_setting -window [gui_get_current_window -types Layout -mru] -setting hatchColorMask14Soft -value Dense2Pattern
gui_set_setting -window [gui_get_current_window -types Layout -mru] -setting colorColorMask14Hard -value darkmagenta
gui_set_setting -window [gui_get_current_window -types Layout -mru] -setting hatchColorMask14Hard -value DiagCrossPattern
gui_set_setting -window [gui_get_current_window -types Layout -mru] -setting colorColorMask15Soft -value orchid
gui_set_setting -window [gui_get_current_window -types Layout -mru] -setting hatchColorMask15Soft -value Dense2Pattern
gui_set_setting -window [gui_get_current_window -types Layout -mru] -setting colorColorMask15Hard -value orchid
gui_set_setting -window [gui_get_current_window -types Layout -mru] -setting hatchColorMask15Hard -value DiagCrossPattern
gui_set_setting -window [gui_get_current_window -types Layout -mru] -setting colorColorMaskSame -value blue
gui_set_setting -window [gui_get_current_window -types Layout -mru] -setting hatchColorMaskSame -value Dense4Pattern
gui_set_setting -window [gui_get_current_window -types Layout -mru] -setting colorTopologyNodeIntermediate -value gray
link_block
gui_set_preset -category Layout -system -name {3dic}
gui_set_setting -window [gui_get_current_window -types Layout -mru] -setting colorPathDataPaths -value yellow
gui_set_setting -window [gui_get_current_window -types Layout -mru] -setting colorPathLaunchClockPaths -value green
gui_set_setting -window [gui_get_current_window -types Layout -mru] -setting colorPathCaptureClockPaths -value red
gui_set_setting -window [gui_get_current_window -types Layout -mru] -setting colorPathCommonClockPaths -value magenta
gui_set_setting -window [gui_get_current_window -types Layout -mru] -setting colorPathCells -value blue
gui_set_setting -window [gui_get_current_window -types Layout -mru] -setting colorColorMask1Soft -value red
gui_set_setting -window [gui_get_current_window -types Layout -mru] -setting hatchColorMask1Soft -value Dense2Pattern
gui_set_setting -window [gui_get_current_window -types Layout -mru] -setting colorColorMask1Hard -value red
gui_set_setting -window [gui_get_current_window -types Layout -mru] -setting hatchColorMask1Hard -value DiagCrossPattern
gui_set_setting -window [gui_get_current_window -types Layout -mru] -setting colorColorMask2Soft -value orange
gui_set_setting -window [gui_get_current_window -types Layout -mru] -setting hatchColorMask2Soft -value Dense2Pattern
gui_set_setting -window [gui_get_current_window -types Layout -mru] -setting colorColorMask2Hard -value orange
gui_set_setting -window [gui_get_current_window -types Layout -mru] -setting hatchColorMask2Hard -value DiagCrossPattern
gui_set_setting -window [gui_get_current_window -types Layout -mru] -setting colorColorMask3Soft -value yellow
gui_set_setting -window [gui_get_current_window -types Layout -mru] -setting hatchColorMask3Soft -value Dense2Pattern
gui_set_setting -window [gui_get_current_window -types Layout -mru] -setting colorColorMask3Hard -value yellow
gui_set_setting -window [gui_get_current_window -types Layout -mru] -setting hatchColorMask3Hard -value DiagCrossPattern
gui_set_setting -window [gui_get_current_window -types Layout -mru] -setting colorColorMask4Soft -value green2
gui_set_setting -window [gui_get_current_window -types Layout -mru] -setting hatchColorMask4Soft -value Dense2Pattern
gui_set_setting -window [gui_get_current_window -types Layout -mru] -setting colorColorMask4Hard -value green2
gui_set_setting -window [gui_get_current_window -types Layout -mru] -setting hatchColorMask4Hard -value DiagCrossPattern
gui_set_setting -window [gui_get_current_window -types Layout -mru] -setting colorColorMask5Soft -value cyan
gui_set_setting -window [gui_get_current_window -types Layout -mru] -setting hatchColorMask5Soft -value Dense2Pattern
gui_set_setting -window [gui_get_current_window -types Layout -mru] -setting colorColorMask5Hard -value cyan
gui_set_setting -window [gui_get_current_window -types Layout -mru] -setting hatchColorMask5Hard -value DiagCrossPattern
gui_set_setting -window [gui_get_current_window -types Layout -mru] -setting colorColorMask6Soft -value magenta
gui_set_setting -window [gui_get_current_window -types Layout -mru] -setting hatchColorMask6Soft -value Dense2Pattern
gui_set_setting -window [gui_get_current_window -types Layout -mru] -setting colorColorMask6Hard -value magenta
gui_set_setting -window [gui_get_current_window -types Layout -mru] -setting hatchColorMask6Hard -value DiagCrossPattern
gui_set_setting -window [gui_get_current_window -types Layout -mru] -setting colorColorMask7Soft -value lightsalmon
gui_set_setting -window [gui_get_current_window -types Layout -mru] -setting hatchColorMask7Soft -value Dense2Pattern
gui_set_setting -window [gui_get_current_window -types Layout -mru] -setting colorColorMask7Hard -value lightsalmon
gui_set_setting -window [gui_get_current_window -types Layout -mru] -setting hatchColorMask7Hard -value DiagCrossPattern
gui_set_setting -window [gui_get_current_window -types Layout -mru] -setting colorColorMask8Soft -value pink
gui_set_setting -window [gui_get_current_window -types Layout -mru] -setting hatchColorMask8Soft -value Dense2Pattern
gui_set_setting -window [gui_get_current_window -types Layout -mru] -setting colorColorMask8Hard -value pink
gui_set_setting -window [gui_get_current_window -types Layout -mru] -setting hatchColorMask8Hard -value DiagCrossPattern
gui_set_setting -window [gui_get_current_window -types Layout -mru] -setting colorColorMask9Soft -value lightgreen
gui_set_setting -window [gui_get_current_window -types Layout -mru] -setting hatchColorMask9Soft -value Dense2Pattern
gui_set_setting -window [gui_get_current_window -types Layout -mru] -setting colorColorMask9Hard -value lightgreen
gui_set_setting -window [gui_get_current_window -types Layout -mru] -setting hatchColorMask9Hard -value DiagCrossPattern
gui_set_setting -window [gui_get_current_window -types Layout -mru] -setting colorColorMask10Soft -value lightblue
gui_set_setting -window [gui_get_current_window -types Layout -mru] -setting hatchColorMask10Soft -value Dense2Pattern
gui_set_setting -window [gui_get_current_window -types Layout -mru] -setting colorColorMask10Hard -value lightblue
gui_set_setting -window [gui_get_current_window -types Layout -mru] -setting hatchColorMask10Hard -value DiagCrossPattern
gui_set_setting -window [gui_get_current_window -types Layout -mru] -setting colorColorMask11Soft -value brown
gui_set_setting -window [gui_get_current_window -types Layout -mru] -setting hatchColorMask11Soft -value Dense2Pattern
gui_set_setting -window [gui_get_current_window -types Layout -mru] -setting colorColorMask11Hard -value brown
gui_set_setting -window [gui_get_current_window -types Layout -mru] -setting hatchColorMask11Hard -value DiagCrossPattern
gui_set_setting -window [gui_get_current_window -types Layout -mru] -setting colorColorMask12Soft -value chocolate
gui_set_setting -window [gui_get_current_window -types Layout -mru] -setting hatchColorMask12Soft -value Dense2Pattern
gui_set_setting -window [gui_get_current_window -types Layout -mru] -setting colorColorMask12Hard -value chocolate
gui_set_setting -window [gui_get_current_window -types Layout -mru] -setting hatchColorMask12Hard -value DiagCrossPattern
gui_set_setting -window [gui_get_current_window -types Layout -mru] -setting colorColorMask13Soft -value slateblue
gui_set_setting -window [gui_get_current_window -types Layout -mru] -setting hatchColorMask13Soft -value Dense2Pattern
gui_set_setting -window [gui_get_current_window -types Layout -mru] -setting colorColorMask13Hard -value slateblue
gui_set_setting -window [gui_get_current_window -types Layout -mru] -setting hatchColorMask13Hard -value DiagCrossPattern
gui_set_setting -window [gui_get_current_window -types Layout -mru] -setting colorColorMask14Soft -value darkmagenta
gui_set_setting -window [gui_get_current_window -types Layout -mru] -setting hatchColorMask14Soft -value Dense2Pattern
gui_set_setting -window [gui_get_current_window -types Layout -mru] -setting colorColorMask14Hard -value darkmagenta
gui_set_setting -window [gui_get_current_window -types Layout -mru] -setting hatchColorMask14Hard -value DiagCrossPattern
gui_set_setting -window [gui_get_current_window -types Layout -mru] -setting colorColorMask15Soft -value orchid
gui_set_setting -window [gui_get_current_window -types Layout -mru] -setting hatchColorMask15Soft -value Dense2Pattern
gui_set_setting -window [gui_get_current_window -types Layout -mru] -setting colorColorMask15Hard -value orchid
gui_set_setting -window [gui_get_current_window -types Layout -mru] -setting hatchColorMask15Hard -value DiagCrossPattern
gui_set_setting -window [gui_get_current_window -types Layout -mru] -setting colorColorMaskSame -value blue
gui_set_setting -window [gui_get_current_window -types Layout -mru] -setting hatchColorMaskSame -value Dense4Pattern
gui_set_setting -window [gui_get_current_window -types Layout -mru] -setting colorTopologyNodeIntermediate -value gray
win_set_filter -visible -class cell -filter {} -layer {}
win_set_filter -class cell -filter {} -layer {}
win_set_filter -visible -class cell -filter {assembly_die_margin bridge clock_margin core cover filler_allowed_margin ftv hard_macro_margin hard_margin hier physical_only route_blockage_margin seal_ring_margin soft_margin spare substrate} -layer {}
win_set_filter -class cell -filter {array assembly_die_margin bridge clock_margin core cover filler_allowed_margin ftv hard_macro_margin hard_margin hier physical_only route_blockage_margin seal_ring_margin soft_margin spare substrate} -layer {}
gui_zoom -window [gui_get_current_window -types Layout -mru] -factor 2 -at_point {1432.8150 2714.1400}
gui_zoom -window [gui_get_current_window -types Layout -mru] -factor 2 -at_point {1391.1000 2669.9450}
gui_set_setting -window [gui_get_current_window -types Layout -mru] -setting showCell_eridani_inst -value false
gui_set_setting -window [gui_get_current_window -types Layout -mru] -setting showCell_maia_inst -value false
gui_set_setting -window [gui_get_current_window -types Layout -mru] -setting showCell_vega_inst -value false
win_set_filter -visible -class cell -filter {} -layer {eridani_inst maia_inst vega_inst}
win_set_filter -class cell -filter {} -layer {eridani_inst maia_inst vega_inst}
win_set_filter -visible -class cell -filter {assembly_die_margin bridge clock_margin core cover filler_allowed_margin ftv hard_macro_margin hard_margin hier physical_only route_blockage_margin seal_ring_margin soft_margin spare substrate} -layer {eridani_inst maia_inst vega_inst}
win_set_filter -class cell -filter {array assembly_die_margin bridge clock_margin core cover filler_allowed_margin ftv hard_macro_margin hard_margin hier physical_only route_blockage_margin seal_ring_margin soft_margin spare substrate} -layer {eridani_inst maia_inst vega_inst}
gui_zoom -window [gui_get_current_window -types Layout -mru] -factor 0.5 -at_point {1336.0650 2755.5500}
gui_zoom -window [gui_get_current_window -types Layout -mru] -factor 0.5 -at_point {1333.0100 2758.6100}
gui_zoom -window [gui_get_current_window -types Layout -mru] -factor 0.5 -at_point {1333.0100 2749.4350}
gui_zoom -window [gui_get_current_window -types Layout -mru] -factor 2 -at_point {1308.5500 2303.0600}
gui_zoom -window [gui_get_current_window -types Layout -mru] -factor 2 -at_point {1308.5500 2303.0600}
gui_zoom -window [gui_get_current_window -types Layout -mru] -factor 2 -at_point {1250.4600 2550.7100}
gui_zoom -window [gui_get_current_window -types Layout -mru] -factor 2 -at_point {1204.6000 2552.2350}
gui_zoom -window [gui_get_current_window -types Layout -mru] -factor 2 -at_point {1204.6000 2552.2350}
gui_zoom -window [gui_get_current_window -types Layout -mru] -factor 2 -at_point {1204.2200 2551.4750}
gui_zoom -window [gui_get_current_window -types Layout -mru] -factor 2 -at_point {1204.2200 2551.4750}
gui_zoom -window [gui_get_current_window -types Layout -mru] -factor 2 -at_point {1204.2200 2551.4750}
gui_zoom -window [gui_get_current_window -types Layout -mru] -factor 0.5 -at_point {1204.2150 2551.4850}
gui_zoom -window [gui_get_current_window -types Layout -mru] -factor 0.5 -at_point {1204.2200 2551.4750}
gui_zoom -window [gui_get_current_window -types Layout -mru] -factor 0.5 -at_point {1204.2200 2551.4750}
gui_zoom -window [gui_get_current_window -types Layout -mru] -factor 0.5 -at_point {1204.2200 2551.4750}
gui_zoom -window [gui_get_current_window -types Layout -mru] -factor 0.5 -at_point {1204.6000 2551.4750}
gui_zoom -window [gui_get_current_window -types Layout -mru] -factor 0.5 -at_point {1204.6000 2552.2350}
gui_zoom -window [gui_get_current_window -types Layout -mru] -factor 0.5 -at_point {1204.6000 2550.7100}
gui_zoom -window [gui_get_current_window -types Layout -mru] -factor 0.5 -at_point {1204.6000 2553.7650}
gui_zoom -window [gui_get_current_window -types Layout -mru] -factor 2 -at_point {1076.1900 3868.4300}
gui_zoom -window [gui_get_current_window -types Layout -mru] -factor 2 -at_point {1076.1900 3868.4300}
gui_zoom -window [gui_get_current_window -types Layout -mru] -factor 2 -at_point {1076.1900 3868.4300}
gui_zoom -window [gui_get_current_window -types Layout -mru] -factor 2 -at_point {1076.1900 3868.4300}
gui_zoom -window [gui_get_current_window -types Layout -mru] -factor 2 -at_point {1076.1900 3868.4300}
gui_zoom -window [gui_get_current_window -types Layout -mru] -factor 2 -at_point {1076.1900 3868.4300}
gui_zoom -window [gui_get_current_window -types Layout -mru] -factor 2 -at_point {1076.1900 3868.4300}
gui_zoom -window [gui_get_current_window -types Layout -mru] -factor 2 -at_point {1076.1900 3868.4300}
gui_zoom -window [gui_get_current_window -types Layout -mru] -factor 0.5 -at_point {1076.1850 3868.4350}
gui_zoom -window [gui_get_current_window -types Layout -mru] -factor 0.5 -at_point {1076.1900 3868.4300}
gui_zoom -window [gui_get_current_window -types Layout -mru] -factor 0.5 -at_point {1076.1900 3868.4300}
gui_zoom -window [gui_get_current_window -types Layout -mru] -factor 0.5 -at_point {1076.1900 3868.4300}
gui_zoom -window [gui_get_current_window -types Layout -mru] -factor 0.5 -at_point {1076.1900 3868.4300}
gui_zoom -window [gui_get_current_window -types Layout -mru] -factor 0.5 -at_point {1076.1900 3868.4300}
gui_zoom -window [gui_get_current_window -types Layout -mru] -factor 0.5 -at_point {1076.1900 3868.4300}
close_lib
open_block interposer.ndm:interposer.design
gui_set_preset -category Layout -system -name {3dic}
gui_set_setting -window [gui_get_current_window -types Layout -mru] -setting showCoreArea -value true
gui_set_setting -window [gui_get_current_window -types Layout -mru] -setting showPort -value true
gui_set_setting -window [gui_get_current_window -types Layout -mru] -setting selectPortShape -value false
gui_set_setting -window [gui_get_current_window -types Layout -mru] -setting showCellCore -value true
gui_set_setting -window [gui_get_current_window -types Layout -mru] -setting showCellFTV -value true
gui_set_setting -window [gui_get_current_window -types Layout -mru] -setting showCellNormalHier -value true
gui_set_setting -window [gui_get_current_window -types Layout -mru] -setting showCellPhysOnly -value true
gui_set_setting -window [gui_get_current_window -types Layout -mru] -setting showCellSpare -value true
gui_set_setting -window [gui_get_current_window -types Layout -mru] -setting showCellCover -value true
gui_set_setting -window [gui_get_current_window -types Layout -mru] -setting showFillInst -value true
gui_set_setting -window [gui_get_current_window -types Layout -mru] -setting showMovebound -value true
gui_set_setting -window [gui_get_current_window -types Layout -mru] -setting showBlockage -value true
gui_set_setting -window [gui_get_current_window -types Layout -mru] -setting showPowerplanRegion -value true
gui_set_setting -window [gui_get_current_window -types Layout -mru] -setting showGuide -value true
gui_set_setting -window [gui_get_current_window -types Layout -mru] -setting showEditGroup -value true
gui_set_setting -window [gui_get_current_window -types Layout -mru] -setting colorPathDataPaths -value yellow
gui_set_setting -window [gui_get_current_window -types Layout -mru] -setting colorPathLaunchClockPaths -value green
gui_set_setting -window [gui_get_current_window -types Layout -mru] -setting colorPathCaptureClockPaths -value red
gui_set_setting -window [gui_get_current_window -types Layout -mru] -setting colorPathCommonClockPaths -value magenta
gui_set_setting -window [gui_get_current_window -types Layout -mru] -setting colorPathCells -value blue
gui_set_setting -window [gui_get_current_window -types Layout -mru] -setting colorColorMask1Soft -value red
gui_set_setting -window [gui_get_current_window -types Layout -mru] -setting hatchColorMask1Soft -value Dense2Pattern
gui_set_setting -window [gui_get_current_window -types Layout -mru] -setting colorColorMask1Hard -value red
gui_set_setting -window [gui_get_current_window -types Layout -mru] -setting hatchColorMask1Hard -value DiagCrossPattern
gui_set_setting -window [gui_get_current_window -types Layout -mru] -setting colorColorMask2Soft -value orange
gui_set_setting -window [gui_get_current_window -types Layout -mru] -setting hatchColorMask2Soft -value Dense2Pattern
gui_set_setting -window [gui_get_current_window -types Layout -mru] -setting colorColorMask2Hard -value orange
gui_set_setting -window [gui_get_current_window -types Layout -mru] -setting hatchColorMask2Hard -value DiagCrossPattern
gui_set_setting -window [gui_get_current_window -types Layout -mru] -setting colorColorMask3Soft -value yellow
gui_set_setting -window [gui_get_current_window -types Layout -mru] -setting hatchColorMask3Soft -value Dense2Pattern
gui_set_setting -window [gui_get_current_window -types Layout -mru] -setting colorColorMask3Hard -value yellow
gui_set_setting -window [gui_get_current_window -types Layout -mru] -setting hatchColorMask3Hard -value DiagCrossPattern
gui_set_setting -window [gui_get_current_window -types Layout -mru] -setting colorColorMask4Soft -value green2
gui_set_setting -window [gui_get_current_window -types Layout -mru] -setting hatchColorMask4Soft -value Dense2Pattern
gui_set_setting -window [gui_get_current_window -types Layout -mru] -setting colorColorMask4Hard -value green2
gui_set_setting -window [gui_get_current_window -types Layout -mru] -setting hatchColorMask4Hard -value DiagCrossPattern
gui_set_setting -window [gui_get_current_window -types Layout -mru] -setting colorColorMask5Soft -value cyan
gui_set_setting -window [gui_get_current_window -types Layout -mru] -setting hatchColorMask5Soft -value Dense2Pattern
gui_set_setting -window [gui_get_current_window -types Layout -mru] -setting colorColorMask5Hard -value cyan
gui_set_setting -window [gui_get_current_window -types Layout -mru] -setting hatchColorMask5Hard -value DiagCrossPattern
gui_set_setting -window [gui_get_current_window -types Layout -mru] -setting colorColorMask6Soft -value magenta
gui_set_setting -window [gui_get_current_window -types Layout -mru] -setting hatchColorMask6Soft -value Dense2Pattern
gui_set_setting -window [gui_get_current_window -types Layout -mru] -setting colorColorMask6Hard -value magenta
gui_set_setting -window [gui_get_current_window -types Layout -mru] -setting hatchColorMask6Hard -value DiagCrossPattern
gui_set_setting -window [gui_get_current_window -types Layout -mru] -setting colorColorMask7Soft -value lightsalmon
gui_set_setting -window [gui_get_current_window -types Layout -mru] -setting hatchColorMask7Soft -value Dense2Pattern
gui_set_setting -window [gui_get_current_window -types Layout -mru] -setting colorColorMask7Hard -value lightsalmon
gui_set_setting -window [gui_get_current_window -types Layout -mru] -setting hatchColorMask7Hard -value DiagCrossPattern
gui_set_setting -window [gui_get_current_window -types Layout -mru] -setting colorColorMask8Soft -value pink
gui_set_setting -window [gui_get_current_window -types Layout -mru] -setting hatchColorMask8Soft -value Dense2Pattern
gui_set_setting -window [gui_get_current_window -types Layout -mru] -setting colorColorMask8Hard -value pink
gui_set_setting -window [gui_get_current_window -types Layout -mru] -setting hatchColorMask8Hard -value DiagCrossPattern
gui_set_setting -window [gui_get_current_window -types Layout -mru] -setting colorColorMask9Soft -value lightgreen
gui_set_setting -window [gui_get_current_window -types Layout -mru] -setting hatchColorMask9Soft -value Dense2Pattern
gui_set_setting -window [gui_get_current_window -types Layout -mru] -setting colorColorMask9Hard -value lightgreen
gui_set_setting -window [gui_get_current_window -types Layout -mru] -setting hatchColorMask9Hard -value DiagCrossPattern
gui_set_setting -window [gui_get_current_window -types Layout -mru] -setting colorColorMask10Soft -value lightblue
gui_set_setting -window [gui_get_current_window -types Layout -mru] -setting hatchColorMask10Soft -value Dense2Pattern
gui_set_setting -window [gui_get_current_window -types Layout -mru] -setting colorColorMask10Hard -value lightblue
gui_set_setting -window [gui_get_current_window -types Layout -mru] -setting hatchColorMask10Hard -value DiagCrossPattern
gui_set_setting -window [gui_get_current_window -types Layout -mru] -setting colorColorMask11Soft -value brown
gui_set_setting -window [gui_get_current_window -types Layout -mru] -setting hatchColorMask11Soft -value Dense2Pattern
gui_set_setting -window [gui_get_current_window -types Layout -mru] -setting colorColorMask11Hard -value brown
gui_set_setting -window [gui_get_current_window -types Layout -mru] -setting hatchColorMask11Hard -value DiagCrossPattern
gui_set_setting -window [gui_get_current_window -types Layout -mru] -setting colorColorMask12Soft -value chocolate
gui_set_setting -window [gui_get_current_window -types Layout -mru] -setting hatchColorMask12Soft -value Dense2Pattern
gui_set_setting -window [gui_get_current_window -types Layout -mru] -setting colorColorMask12Hard -value chocolate
gui_set_setting -window [gui_get_current_window -types Layout -mru] -setting hatchColorMask12Hard -value DiagCrossPattern
gui_set_setting -window [gui_get_current_window -types Layout -mru] -setting colorColorMask13Soft -value slateblue
gui_set_setting -window [gui_get_current_window -types Layout -mru] -setting hatchColorMask13Soft -value Dense2Pattern
gui_set_setting -window [gui_get_current_window -types Layout -mru] -setting colorColorMask13Hard -value slateblue
gui_set_setting -window [gui_get_current_window -types Layout -mru] -setting hatchColorMask13Hard -value DiagCrossPattern
gui_set_setting -window [gui_get_current_window -types Layout -mru] -setting colorColorMask14Soft -value darkmagenta
gui_set_setting -window [gui_get_current_window -types Layout -mru] -setting hatchColorMask14Soft -value Dense2Pattern
gui_set_setting -window [gui_get_current_window -types Layout -mru] -setting colorColorMask14Hard -value darkmagenta
gui_set_setting -window [gui_get_current_window -types Layout -mru] -setting hatchColorMask14Hard -value DiagCrossPattern
gui_set_setting -window [gui_get_current_window -types Layout -mru] -setting colorColorMask15Soft -value orchid
gui_set_setting -window [gui_get_current_window -types Layout -mru] -setting hatchColorMask15Soft -value Dense2Pattern
gui_set_setting -window [gui_get_current_window -types Layout -mru] -setting colorColorMask15Hard -value orchid
gui_set_setting -window [gui_get_current_window -types Layout -mru] -setting hatchColorMask15Hard -value DiagCrossPattern
gui_set_setting -window [gui_get_current_window -types Layout -mru] -setting colorColorMaskSame -value blue
gui_set_setting -window [gui_get_current_window -types Layout -mru] -setting hatchColorMaskSame -value Dense4Pattern
gui_set_setting -window [gui_get_current_window -types Layout -mru] -setting colorTopologyNodeIntermediate -value gray
gui_set_setting -window [gui_get_current_window -types Layout -mru] -setting viewLevel -value 0
gui_set_preset -category Layout -system -name {3dic}
gui_set_setting -window [gui_get_current_window -types Layout -mru] -setting colorPathDataPaths -value yellow
gui_set_setting -window [gui_get_current_window -types Layout -mru] -setting colorPathLaunchClockPaths -value green
gui_set_setting -window [gui_get_current_window -types Layout -mru] -setting colorPathCaptureClockPaths -value red
gui_set_setting -window [gui_get_current_window -types Layout -mru] -setting colorPathCommonClockPaths -value magenta
gui_set_setting -window [gui_get_current_window -types Layout -mru] -setting colorPathCells -value blue
gui_set_setting -window [gui_get_current_window -types Layout -mru] -setting colorColorMask1Soft -value red
gui_set_setting -window [gui_get_current_window -types Layout -mru] -setting hatchColorMask1Soft -value Dense2Pattern
gui_set_setting -window [gui_get_current_window -types Layout -mru] -setting colorColorMask1Hard -value red
gui_set_setting -window [gui_get_current_window -types Layout -mru] -setting hatchColorMask1Hard -value DiagCrossPattern
gui_set_setting -window [gui_get_current_window -types Layout -mru] -setting colorColorMask2Soft -value orange
gui_set_setting -window [gui_get_current_window -types Layout -mru] -setting hatchColorMask2Soft -value Dense2Pattern
gui_set_setting -window [gui_get_current_window -types Layout -mru] -setting colorColorMask2Hard -value orange
gui_set_setting -window [gui_get_current_window -types Layout -mru] -setting hatchColorMask2Hard -value DiagCrossPattern
gui_set_setting -window [gui_get_current_window -types Layout -mru] -setting colorColorMask3Soft -value yellow
gui_set_setting -window [gui_get_current_window -types Layout -mru] -setting hatchColorMask3Soft -value Dense2Pattern
gui_set_setting -window [gui_get_current_window -types Layout -mru] -setting colorColorMask3Hard -value yellow
gui_set_setting -window [gui_get_current_window -types Layout -mru] -setting hatchColorMask3Hard -value DiagCrossPattern
gui_set_setting -window [gui_get_current_window -types Layout -mru] -setting colorColorMask4Soft -value green2
gui_set_setting -window [gui_get_current_window -types Layout -mru] -setting hatchColorMask4Soft -value Dense2Pattern
gui_set_setting -window [gui_get_current_window -types Layout -mru] -setting colorColorMask4Hard -value green2
gui_set_setting -window [gui_get_current_window -types Layout -mru] -setting hatchColorMask4Hard -value DiagCrossPattern
gui_set_setting -window [gui_get_current_window -types Layout -mru] -setting colorColorMask5Soft -value cyan
gui_set_setting -window [gui_get_current_window -types Layout -mru] -setting hatchColorMask5Soft -value Dense2Pattern
gui_set_setting -window [gui_get_current_window -types Layout -mru] -setting colorColorMask5Hard -value cyan
gui_set_setting -window [gui_get_current_window -types Layout -mru] -setting hatchColorMask5Hard -value DiagCrossPattern
gui_set_setting -window [gui_get_current_window -types Layout -mru] -setting colorColorMask6Soft -value magenta
gui_set_setting -window [gui_get_current_window -types Layout -mru] -setting hatchColorMask6Soft -value Dense2Pattern
gui_set_setting -window [gui_get_current_window -types Layout -mru] -setting colorColorMask6Hard -value magenta
gui_set_setting -window [gui_get_current_window -types Layout -mru] -setting hatchColorMask6Hard -value DiagCrossPattern
gui_set_setting -window [gui_get_current_window -types Layout -mru] -setting colorColorMask7Soft -value lightsalmon
gui_set_setting -window [gui_get_current_window -types Layout -mru] -setting hatchColorMask7Soft -value Dense2Pattern
gui_set_setting -window [gui_get_current_window -types Layout -mru] -setting colorColorMask7Hard -value lightsalmon
gui_set_setting -window [gui_get_current_window -types Layout -mru] -setting hatchColorMask7Hard -value DiagCrossPattern
gui_set_setting -window [gui_get_current_window -types Layout -mru] -setting colorColorMask8Soft -value pink
gui_set_setting -window [gui_get_current_window -types Layout -mru] -setting hatchColorMask8Soft -value Dense2Pattern
gui_set_setting -window [gui_get_current_window -types Layout -mru] -setting colorColorMask8Hard -value pink
gui_set_setting -window [gui_get_current_window -types Layout -mru] -setting hatchColorMask8Hard -value DiagCrossPattern
gui_set_setting -window [gui_get_current_window -types Layout -mru] -setting colorColorMask9Soft -value lightgreen
gui_set_setting -window [gui_get_current_window -types Layout -mru] -setting hatchColorMask9Soft -value Dense2Pattern
gui_set_setting -window [gui_get_current_window -types Layout -mru] -setting colorColorMask9Hard -value lightgreen
gui_set_setting -window [gui_get_current_window -types Layout -mru] -setting hatchColorMask9Hard -value DiagCrossPattern
gui_set_setting -window [gui_get_current_window -types Layout -mru] -setting colorColorMask10Soft -value lightblue
gui_set_setting -window [gui_get_current_window -types Layout -mru] -setting hatchColorMask10Soft -value Dense2Pattern
gui_set_setting -window [gui_get_current_window -types Layout -mru] -setting colorColorMask10Hard -value lightblue
gui_set_setting -window [gui_get_current_window -types Layout -mru] -setting hatchColorMask10Hard -value DiagCrossPattern
gui_set_setting -window [gui_get_current_window -types Layout -mru] -setting colorColorMask11Soft -value brown
gui_set_setting -window [gui_get_current_window -types Layout -mru] -setting hatchColorMask11Soft -value Dense2Pattern
gui_set_setting -window [gui_get_current_window -types Layout -mru] -setting colorColorMask11Hard -value brown
gui_set_setting -window [gui_get_current_window -types Layout -mru] -setting hatchColorMask11Hard -value DiagCrossPattern
gui_set_setting -window [gui_get_current_window -types Layout -mru] -setting colorColorMask12Soft -value chocolate
gui_set_setting -window [gui_get_current_window -types Layout -mru] -setting hatchColorMask12Soft -value Dense2Pattern
gui_set_setting -window [gui_get_current_window -types Layout -mru] -setting colorColorMask12Hard -value chocolate
gui_set_setting -window [gui_get_current_window -types Layout -mru] -setting hatchColorMask12Hard -value DiagCrossPattern
gui_set_setting -window [gui_get_current_window -types Layout -mru] -setting colorColorMask13Soft -value slateblue
gui_set_setting -window [gui_get_current_window -types Layout -mru] -setting hatchColorMask13Soft -value Dense2Pattern
gui_set_setting -window [gui_get_current_window -types Layout -mru] -setting colorColorMask13Hard -value slateblue
gui_set_setting -window [gui_get_current_window -types Layout -mru] -setting hatchColorMask13Hard -value DiagCrossPattern
gui_set_setting -window [gui_get_current_window -types Layout -mru] -setting colorColorMask14Soft -value darkmagenta
gui_set_setting -window [gui_get_current_window -types Layout -mru] -setting hatchColorMask14Soft -value Dense2Pattern
gui_set_setting -window [gui_get_current_window -types Layout -mru] -setting colorColorMask14Hard -value darkmagenta
gui_set_setting -window [gui_get_current_window -types Layout -mru] -setting hatchColorMask14Hard -value DiagCrossPattern
gui_set_setting -window [gui_get_current_window -types Layout -mru] -setting colorColorMask15Soft -value orchid
gui_set_setting -window [gui_get_current_window -types Layout -mru] -setting hatchColorMask15Soft -value Dense2Pattern
gui_set_setting -window [gui_get_current_window -types Layout -mru] -setting colorColorMask15Hard -value orchid
gui_set_setting -window [gui_get_current_window -types Layout -mru] -setting hatchColorMask15Hard -value DiagCrossPattern
gui_set_setting -window [gui_get_current_window -types Layout -mru] -setting colorColorMaskSame -value blue
gui_set_setting -window [gui_get_current_window -types Layout -mru] -setting hatchColorMaskSame -value Dense4Pattern
gui_set_setting -window [gui_get_current_window -types Layout -mru] -setting colorTopologyNodeIntermediate -value gray
link_block
win_set_filter -visible -class cell -filter {} -layer {}
win_set_filter -visible -class bump_region -filter {} -layer {}
win_set_filter -visible -class pseudo_bump -filter {} -layer {}
win_set_filter -visible -class pseudo_tsv -filter {} -layer {}
win_set_filter -visible -class shape -filter {} -layer {}
win_set_filter -visible -class via -filter {} -layer {}
win_set_filter -visible -class terminal -filter {}  -layer {}
win_set_filter -visible -class metal_area -layer {}
win_set_filter -class cell -filter {} -layer {}
win_set_filter -class bump_region -filter {} -layer {}
win_set_filter -class pseudo_bump -filter {} -layer {}
win_set_filter -class pseudo_tsv -filter {} -layer {}
win_set_filter -class shape -filter {} -layer {}
win_set_filter -class via -filter {} -layer {}
win_set_filter -class terminal -filter {}  -layer {}
win_set_filter -class metal_area -layer {}
win_set_filter -visible -class cell -filter {assembly_die_margin bridge clock_margin core cover filler_allowed_margin ftv hard_macro_margin hard_margin hier physical_only route_blockage_margin seal_ring_margin soft_margin spare substrate} -layer {}
win_set_filter -visible -class pseudo_bump -filter {deleted} -layer {}
win_set_filter -visible -class pseudo_tsv -filter {deleted} -layer {}
win_set_filter -class cell -filter {array assembly_die_margin bridge clock_margin core cover filler_allowed_margin ftv hard_macro_margin hard_margin hier physical_only route_blockage_margin seal_ring_margin soft_margin spare substrate} -layer {}
win_set_filter -class pseudo_bump -filter {deleted} -layer {}
win_set_filter -class pseudo_tsv -filter {deleted} -layer {}
open_block top_alnitak_2.ndm:top_alnitak_2.design
gui_set_preset -category Layout -system -name {3dic}
gui_set_setting -window [gui_get_current_window -types Layout -mru] -setting colorPathDataPaths -value yellow
gui_set_setting -window [gui_get_current_window -types Layout -mru] -setting colorPathLaunchClockPaths -value green
gui_set_setting -window [gui_get_current_window -types Layout -mru] -setting colorPathCaptureClockPaths -value red
gui_set_setting -window [gui_get_current_window -types Layout -mru] -setting colorPathCommonClockPaths -value magenta
gui_set_setting -window [gui_get_current_window -types Layout -mru] -setting colorPathCells -value blue
gui_set_setting -window [gui_get_current_window -types Layout -mru] -setting colorColorMask1Soft -value red
gui_set_setting -window [gui_get_current_window -types Layout -mru] -setting hatchColorMask1Soft -value Dense2Pattern
gui_set_setting -window [gui_get_current_window -types Layout -mru] -setting colorColorMask1Hard -value red
gui_set_setting -window [gui_get_current_window -types Layout -mru] -setting hatchColorMask1Hard -value DiagCrossPattern
gui_set_setting -window [gui_get_current_window -types Layout -mru] -setting colorColorMask2Soft -value orange
gui_set_setting -window [gui_get_current_window -types Layout -mru] -setting hatchColorMask2Soft -value Dense2Pattern
gui_set_setting -window [gui_get_current_window -types Layout -mru] -setting colorColorMask2Hard -value orange
gui_set_setting -window [gui_get_current_window -types Layout -mru] -setting hatchColorMask2Hard -value DiagCrossPattern
gui_set_setting -window [gui_get_current_window -types Layout -mru] -setting colorColorMask3Soft -value yellow
gui_set_setting -window [gui_get_current_window -types Layout -mru] -setting hatchColorMask3Soft -value Dense2Pattern
gui_set_setting -window [gui_get_current_window -types Layout -mru] -setting colorColorMask3Hard -value yellow
gui_set_setting -window [gui_get_current_window -types Layout -mru] -setting hatchColorMask3Hard -value DiagCrossPattern
gui_set_setting -window [gui_get_current_window -types Layout -mru] -setting colorColorMask4Soft -value green2
gui_set_setting -window [gui_get_current_window -types Layout -mru] -setting hatchColorMask4Soft -value Dense2Pattern
gui_set_setting -window [gui_get_current_window -types Layout -mru] -setting colorColorMask4Hard -value green2
gui_set_setting -window [gui_get_current_window -types Layout -mru] -setting hatchColorMask4Hard -value DiagCrossPattern
gui_set_setting -window [gui_get_current_window -types Layout -mru] -setting colorColorMask5Soft -value cyan
gui_set_setting -window [gui_get_current_window -types Layout -mru] -setting hatchColorMask5Soft -value Dense2Pattern
gui_set_setting -window [gui_get_current_window -types Layout -mru] -setting colorColorMask5Hard -value cyan
gui_set_setting -window [gui_get_current_window -types Layout -mru] -setting hatchColorMask5Hard -value DiagCrossPattern
gui_set_setting -window [gui_get_current_window -types Layout -mru] -setting colorColorMask6Soft -value magenta
gui_set_setting -window [gui_get_current_window -types Layout -mru] -setting hatchColorMask6Soft -value Dense2Pattern
gui_set_setting -window [gui_get_current_window -types Layout -mru] -setting colorColorMask6Hard -value magenta
gui_set_setting -window [gui_get_current_window -types Layout -mru] -setting hatchColorMask6Hard -value DiagCrossPattern
gui_set_setting -window [gui_get_current_window -types Layout -mru] -setting colorColorMask7Soft -value lightsalmon
gui_set_setting -window [gui_get_current_window -types Layout -mru] -setting hatchColorMask7Soft -value Dense2Pattern
gui_set_setting -window [gui_get_current_window -types Layout -mru] -setting colorColorMask7Hard -value lightsalmon
gui_set_setting -window [gui_get_current_window -types Layout -mru] -setting hatchColorMask7Hard -value DiagCrossPattern
gui_set_setting -window [gui_get_current_window -types Layout -mru] -setting colorColorMask8Soft -value pink
gui_set_setting -window [gui_get_current_window -types Layout -mru] -setting hatchColorMask8Soft -value Dense2Pattern
gui_set_setting -window [gui_get_current_window -types Layout -mru] -setting colorColorMask8Hard -value pink
gui_set_setting -window [gui_get_current_window -types Layout -mru] -setting hatchColorMask8Hard -value DiagCrossPattern
gui_set_setting -window [gui_get_current_window -types Layout -mru] -setting colorColorMask9Soft -value lightgreen
gui_set_setting -window [gui_get_current_window -types Layout -mru] -setting hatchColorMask9Soft -value Dense2Pattern
gui_set_setting -window [gui_get_current_window -types Layout -mru] -setting colorColorMask9Hard -value lightgreen
gui_set_setting -window [gui_get_current_window -types Layout -mru] -setting hatchColorMask9Hard -value DiagCrossPattern
gui_set_setting -window [gui_get_current_window -types Layout -mru] -setting colorColorMask10Soft -value lightblue
gui_set_setting -window [gui_get_current_window -types Layout -mru] -setting hatchColorMask10Soft -value Dense2Pattern
gui_set_setting -window [gui_get_current_window -types Layout -mru] -setting colorColorMask10Hard -value lightblue
gui_set_setting -window [gui_get_current_window -types Layout -mru] -setting hatchColorMask10Hard -value DiagCrossPattern
gui_set_setting -window [gui_get_current_window -types Layout -mru] -setting colorColorMask11Soft -value brown
gui_set_setting -window [gui_get_current_window -types Layout -mru] -setting hatchColorMask11Soft -value Dense2Pattern
gui_set_setting -window [gui_get_current_window -types Layout -mru] -setting colorColorMask11Hard -value brown
gui_set_setting -window [gui_get_current_window -types Layout -mru] -setting hatchColorMask11Hard -value DiagCrossPattern
gui_set_setting -window [gui_get_current_window -types Layout -mru] -setting colorColorMask12Soft -value chocolate
gui_set_setting -window [gui_get_current_window -types Layout -mru] -setting hatchColorMask12Soft -value Dense2Pattern
gui_set_setting -window [gui_get_current_window -types Layout -mru] -setting colorColorMask12Hard -value chocolate
gui_set_setting -window [gui_get_current_window -types Layout -mru] -setting hatchColorMask12Hard -value DiagCrossPattern
gui_set_setting -window [gui_get_current_window -types Layout -mru] -setting colorColorMask13Soft -value slateblue
gui_set_setting -window [gui_get_current_window -types Layout -mru] -setting hatchColorMask13Soft -value Dense2Pattern
gui_set_setting -window [gui_get_current_window -types Layout -mru] -setting colorColorMask13Hard -value slateblue
gui_set_setting -window [gui_get_current_window -types Layout -mru] -setting hatchColorMask13Hard -value DiagCrossPattern
gui_set_setting -window [gui_get_current_window -types Layout -mru] -setting colorColorMask14Soft -value darkmagenta
gui_set_setting -window [gui_get_current_window -types Layout -mru] -setting hatchColorMask14Soft -value Dense2Pattern
gui_set_setting -window [gui_get_current_window -types Layout -mru] -setting colorColorMask14Hard -value darkmagenta
gui_set_setting -window [gui_get_current_window -types Layout -mru] -setting hatchColorMask14Hard -value DiagCrossPattern
gui_set_setting -window [gui_get_current_window -types Layout -mru] -setting colorColorMask15Soft -value orchid
gui_set_setting -window [gui_get_current_window -types Layout -mru] -setting hatchColorMask15Soft -value Dense2Pattern
gui_set_setting -window [gui_get_current_window -types Layout -mru] -setting colorColorMask15Hard -value orchid
gui_set_setting -window [gui_get_current_window -types Layout -mru] -setting hatchColorMask15Hard -value DiagCrossPattern
gui_set_setting -window [gui_get_current_window -types Layout -mru] -setting colorColorMaskSame -value blue
gui_set_setting -window [gui_get_current_window -types Layout -mru] -setting hatchColorMaskSame -value Dense4Pattern
gui_set_setting -window [gui_get_current_window -types Layout -mru] -setting colorTopologyNodeIntermediate -value gray
link_block
gui_set_preset -category Layout -system -name {3dic}
gui_set_setting -window [gui_get_current_window -types Layout -mru] -setting colorPathDataPaths -value yellow
gui_set_setting -window [gui_get_current_window -types Layout -mru] -setting colorPathLaunchClockPaths -value green
gui_set_setting -window [gui_get_current_window -types Layout -mru] -setting colorPathCaptureClockPaths -value red
gui_set_setting -window [gui_get_current_window -types Layout -mru] -setting colorPathCommonClockPaths -value magenta
gui_set_setting -window [gui_get_current_window -types Layout -mru] -setting colorPathCells -value blue
gui_set_setting -window [gui_get_current_window -types Layout -mru] -setting colorColorMask1Soft -value red
gui_set_setting -window [gui_get_current_window -types Layout -mru] -setting hatchColorMask1Soft -value Dense2Pattern
gui_set_setting -window [gui_get_current_window -types Layout -mru] -setting colorColorMask1Hard -value red
gui_set_setting -window [gui_get_current_window -types Layout -mru] -setting hatchColorMask1Hard -value DiagCrossPattern
gui_set_setting -window [gui_get_current_window -types Layout -mru] -setting colorColorMask2Soft -value orange
gui_set_setting -window [gui_get_current_window -types Layout -mru] -setting hatchColorMask2Soft -value Dense2Pattern
gui_set_setting -window [gui_get_current_window -types Layout -mru] -setting colorColorMask2Hard -value orange
gui_set_setting -window [gui_get_current_window -types Layout -mru] -setting hatchColorMask2Hard -value DiagCrossPattern
gui_set_setting -window [gui_get_current_window -types Layout -mru] -setting colorColorMask3Soft -value yellow
gui_set_setting -window [gui_get_current_window -types Layout -mru] -setting hatchColorMask3Soft -value Dense2Pattern
gui_set_setting -window [gui_get_current_window -types Layout -mru] -setting colorColorMask3Hard -value yellow
gui_set_setting -window [gui_get_current_window -types Layout -mru] -setting hatchColorMask3Hard -value DiagCrossPattern
gui_set_setting -window [gui_get_current_window -types Layout -mru] -setting colorColorMask4Soft -value green2
gui_set_setting -window [gui_get_current_window -types Layout -mru] -setting hatchColorMask4Soft -value Dense2Pattern
gui_set_setting -window [gui_get_current_window -types Layout -mru] -setting colorColorMask4Hard -value green2
gui_set_setting -window [gui_get_current_window -types Layout -mru] -setting hatchColorMask4Hard -value DiagCrossPattern
gui_set_setting -window [gui_get_current_window -types Layout -mru] -setting colorColorMask5Soft -value cyan
gui_set_setting -window [gui_get_current_window -types Layout -mru] -setting hatchColorMask5Soft -value Dense2Pattern
gui_set_setting -window [gui_get_current_window -types Layout -mru] -setting colorColorMask5Hard -value cyan
gui_set_setting -window [gui_get_current_window -types Layout -mru] -setting hatchColorMask5Hard -value DiagCrossPattern
gui_set_setting -window [gui_get_current_window -types Layout -mru] -setting colorColorMask6Soft -value magenta
gui_set_setting -window [gui_get_current_window -types Layout -mru] -setting hatchColorMask6Soft -value Dense2Pattern
gui_set_setting -window [gui_get_current_window -types Layout -mru] -setting colorColorMask6Hard -value magenta
gui_set_setting -window [gui_get_current_window -types Layout -mru] -setting hatchColorMask6Hard -value DiagCrossPattern
gui_set_setting -window [gui_get_current_window -types Layout -mru] -setting colorColorMask7Soft -value lightsalmon
gui_set_setting -window [gui_get_current_window -types Layout -mru] -setting hatchColorMask7Soft -value Dense2Pattern
gui_set_setting -window [gui_get_current_window -types Layout -mru] -setting colorColorMask7Hard -value lightsalmon
gui_set_setting -window [gui_get_current_window -types Layout -mru] -setting hatchColorMask7Hard -value DiagCrossPattern
gui_set_setting -window [gui_get_current_window -types Layout -mru] -setting colorColorMask8Soft -value pink
gui_set_setting -window [gui_get_current_window -types Layout -mru] -setting hatchColorMask8Soft -value Dense2Pattern
gui_set_setting -window [gui_get_current_window -types Layout -mru] -setting colorColorMask8Hard -value pink
gui_set_setting -window [gui_get_current_window -types Layout -mru] -setting hatchColorMask8Hard -value DiagCrossPattern
gui_set_setting -window [gui_get_current_window -types Layout -mru] -setting colorColorMask9Soft -value lightgreen
gui_set_setting -window [gui_get_current_window -types Layout -mru] -setting hatchColorMask9Soft -value Dense2Pattern
gui_set_setting -window [gui_get_current_window -types Layout -mru] -setting colorColorMask9Hard -value lightgreen
gui_set_setting -window [gui_get_current_window -types Layout -mru] -setting hatchColorMask9Hard -value DiagCrossPattern
gui_set_setting -window [gui_get_current_window -types Layout -mru] -setting colorColorMask10Soft -value lightblue
gui_set_setting -window [gui_get_current_window -types Layout -mru] -setting hatchColorMask10Soft -value Dense2Pattern
gui_set_setting -window [gui_get_current_window -types Layout -mru] -setting colorColorMask10Hard -value lightblue
gui_set_setting -window [gui_get_current_window -types Layout -mru] -setting hatchColorMask10Hard -value DiagCrossPattern
gui_set_setting -window [gui_get_current_window -types Layout -mru] -setting colorColorMask11Soft -value brown
gui_set_setting -window [gui_get_current_window -types Layout -mru] -setting hatchColorMask11Soft -value Dense2Pattern
gui_set_setting -window [gui_get_current_window -types Layout -mru] -setting colorColorMask11Hard -value brown
gui_set_setting -window [gui_get_current_window -types Layout -mru] -setting hatchColorMask11Hard -value DiagCrossPattern
gui_set_setting -window [gui_get_current_window -types Layout -mru] -setting colorColorMask12Soft -value chocolate
gui_set_setting -window [gui_get_current_window -types Layout -mru] -setting hatchColorMask12Soft -value Dense2Pattern
gui_set_setting -window [gui_get_current_window -types Layout -mru] -setting colorColorMask12Hard -value chocolate
gui_set_setting -window [gui_get_current_window -types Layout -mru] -setting hatchColorMask12Hard -value DiagCrossPattern
gui_set_setting -window [gui_get_current_window -types Layout -mru] -setting colorColorMask13Soft -value slateblue
gui_set_setting -window [gui_get_current_window -types Layout -mru] -setting hatchColorMask13Soft -value Dense2Pattern
gui_set_setting -window [gui_get_current_window -types Layout -mru] -setting colorColorMask13Hard -value slateblue
gui_set_setting -window [gui_get_current_window -types Layout -mru] -setting hatchColorMask13Hard -value DiagCrossPattern
gui_set_setting -window [gui_get_current_window -types Layout -mru] -setting colorColorMask14Soft -value darkmagenta
gui_set_setting -window [gui_get_current_window -types Layout -mru] -setting hatchColorMask14Soft -value Dense2Pattern
gui_set_setting -window [gui_get_current_window -types Layout -mru] -setting colorColorMask14Hard -value darkmagenta
gui_set_setting -window [gui_get_current_window -types Layout -mru] -setting hatchColorMask14Hard -value DiagCrossPattern
gui_set_setting -window [gui_get_current_window -types Layout -mru] -setting colorColorMask15Soft -value orchid
gui_set_setting -window [gui_get_current_window -types Layout -mru] -setting hatchColorMask15Soft -value Dense2Pattern
gui_set_setting -window [gui_get_current_window -types Layout -mru] -setting colorColorMask15Hard -value orchid
gui_set_setting -window [gui_get_current_window -types Layout -mru] -setting hatchColorMask15Hard -value DiagCrossPattern
gui_set_setting -window [gui_get_current_window -types Layout -mru] -setting colorColorMaskSame -value blue
gui_set_setting -window [gui_get_current_window -types Layout -mru] -setting hatchColorMaskSame -value Dense4Pattern
gui_set_setting -window [gui_get_current_window -types Layout -mru] -setting colorTopologyNodeIntermediate -value gray
win_set_filter -visible -class bump_region -filter {} -layer {44}
win_set_filter -visible -class pseudo_bump -filter {} -layer {44}
win_set_filter -visible -class pseudo_tsv -filter {} -layer {44}
win_set_filter -visible -class shape -filter {} -layer {44}
win_set_filter -visible -class via -filter {} -layer {44}
win_set_filter -visible -class terminal -filter {}  -layer {44}
win_set_filter -visible -class metal_area -layer {44}
win_set_filter -class bump_region -filter {} -layer {44}
win_set_filter -class pseudo_bump -filter {} -layer {44}
win_set_filter -class pseudo_tsv -filter {} -layer {44}
win_set_filter -class shape -filter {} -layer {44}
win_set_filter -class via -filter {} -layer {44}
win_set_filter -class terminal -filter {}  -layer {44}
win_set_filter -class metal_area -layer {44}
win_set_filter -visible -class pseudo_bump -filter {deleted} -layer {44}
win_set_filter -visible -class pseudo_tsv -filter {deleted} -layer {44}
win_set_filter -class pseudo_bump -filter {deleted} -layer {44}
win_set_filter -class pseudo_tsv -filter {deleted} -layer {44}
gui_set_setting -window [gui_get_current_window -types 3DLAYOUT -mru] -setting chipBoundaryStyles -value Transparent
gui_scroll -window [gui_get_current_window -view] -hrel -.2
gui_scroll -window [gui_get_current_window -view] -hrel -.2
gui_scroll -window [gui_get_current_window -view] -vrel -.2
gui_scroll -window [gui_get_current_window -view] -vrel -.2
gui_set_setting -window [gui_get_current_window -types 3DLAYOUT -mru] -setting showCell_interposer_inst -value false
gui_scroll -window [gui_get_current_window -view] -vrel -.2
gui_scroll -window [gui_get_current_window -view] -hrel .2
gui_scroll -window [gui_get_current_window -view] -hrel -.2
gui_set_setting -window [gui_get_current_window -types 3DLAYOUT -mru] -setting cellBoundaryStyles -value Wireframe
gui_set_setting -window [gui_get_current_window -types 3DLAYOUT -mru] -setting showCell_interposer_inst -value true
gui_set_layout_layer_visibility -toggle [get_layers -filter {mask_name == metal10} -quiet]
gui_scroll -window [gui_get_current_window -view] -hrel .2
gui_scroll -window [gui_get_current_window -view] -hrel .2
gui_scroll -window [gui_get_current_window -view] -hrel .2
gui_scroll -window [gui_get_current_window -view] -hrel .2
gui_scroll -window [gui_get_current_window -view] -hrel -.2
gui_scroll -window [gui_get_current_window -view] -vrel .2
gui_scroll -window [gui_get_current_window -view] -hrel -.2
gui_scroll -window [gui_get_current_window -view] -vrel .2
gui_scroll -window [gui_get_current_window -view] -hrel -.2
gui_scroll -window [gui_get_current_window -view] -hrel -.2
gui_scroll -window [gui_get_current_window -view] -hrel .2
gui_scroll -window [gui_get_current_window -view] -vrel -.2
gui_set_setting -window [gui_get_current_window -types 3DLAYOUT -mru] -setting showCell_eridani_inst -value false
gui_set_setting -window [gui_get_current_window -types 3DLAYOUT -mru] -setting showCell_maia_inst -value false
gui_set_setting -window [gui_get_current_window -types 3DLAYOUT -mru] -setting showCell_vega_inst -value false
gui_scroll -window [gui_get_current_window -view] -hrel .2
gui_scroll -window [gui_get_current_window -view] -hrel .2
gui_scroll -window [gui_get_current_window -view] -hrel -.2
gui_scroll -window [gui_get_current_window -view] -hrel -.2
gui_set_setting -window [gui_get_current_window -types 3DLAYOUT -mru] -setting showLayer_interposer_inst/metal1 -value false
gui_set_setting -window [gui_get_current_window -types 3DLAYOUT -mru] -setting showLayer_interposer_inst/via1 -value false
gui_set_setting -window [gui_get_current_window -types 3DLAYOUT -mru] -setting showLayer_interposer_inst/metal2 -value false
gui_scroll -window [gui_get_current_window -view] -hrel .2
gui_scroll -window [gui_get_current_window -view] -vrel -.2
gui_scroll -window [gui_get_current_window -view] -vrel -.2
gui_scroll -window [gui_get_current_window -view] -hrel -.2
gui_scroll -window [gui_get_current_window -view] -vrel .2
gui_scroll -window [gui_get_current_window -view] -hrel .2
gui_set_setting -window [gui_get_current_window -types 3DLAYOUT -mru] -setting showLayer_interposer_inst/metal6 -value false
gui_set_setting -window [gui_get_current_window -types 3DLAYOUT -mru] -setting showLayer_interposer_inst/metal2 -value true
gui_set_setting -window [gui_get_current_window -types 3DLAYOUT -mru] -setting showLayer_interposer_inst/via1 -value true
gui_set_setting -window [gui_get_current_window -types 3DLAYOUT -mru] -setting showLayer_interposer_inst/metal1 -value true
gui_scroll -window [gui_get_current_window -view] -vrel .2
gui_scroll -window [gui_get_current_window -view] -vrel .2
gui_scroll -window [gui_get_current_window -view] -vrel .2
gui_scroll -window [gui_get_current_window -view] -hrel .2
gui_scroll -window [gui_get_current_window -view] -hrel .2
gui_scroll -window [gui_get_current_window -view] -hrel -.2
gui_scroll -window [gui_get_current_window -view] -vrel -.2
gui_scroll -window [gui_get_current_window -view] -vrel -.2
set_working_design_stack interposer.ndm:interposer.design
win_set_filter -visible -class bump_region -filter {} -layer {}
win_set_filter -visible -class pseudo_bump -filter {} -layer {}
win_set_filter -visible -class pseudo_tsv -filter {} -layer {}
win_set_filter -visible -class shape -filter {} -layer {}
win_set_filter -visible -class via -filter {} -layer {}
win_set_filter -visible -class terminal -filter {}  -layer {}
win_set_filter -visible -class metal_area -layer {}
win_set_filter -class bump_region -filter {} -layer {}
win_set_filter -class pseudo_bump -filter {} -layer {}
win_set_filter -class pseudo_tsv -filter {} -layer {}
win_set_filter -class shape -filter {} -layer {}
win_set_filter -class via -filter {} -layer {}
win_set_filter -class terminal -filter {}  -layer {}
win_set_filter -class metal_area -layer {}
win_set_filter -visible -class pseudo_bump -filter {deleted} -layer {}
win_set_filter -visible -class pseudo_tsv -filter {deleted} -layer {}
win_set_filter -class pseudo_bump -filter {deleted} -layer {}
win_set_filter -class pseudo_tsv -filter {deleted} -layer {}
