#@ # 
#@ # Running 3dic_shell Version W-2024.09 for linux64 -- Aug 25, 2024
#@ # Date:   Sat May  3 13:38:33 2025
#@ # Run by: 01fe21bec256@APL27.kletech.ac.in
#@ 

gui_set_pref_value -category {SelectByNamePalette} -key {ObjectType} -value {Logical Cells}
open_lib /home/01fe21bec256/1.Internship_Project/Alnitak/Alnitak_2/eridani.ndm -edit
open_block -ref_libs_for_edit /home/01fe21bec256/1.Internship_Project/Alnitak/Alnitak_2/eridani.ndm:eridani.design
win_set_filter -visible -class cell -filter {assembly_die_margin bridge clock_margin filler_allowed_margin hard_macro_margin hard_margin route_blockage_margin seal_ring_margin soft_margin substrate} -layer {}
win_set_filter -visible -class pseudo_bump -filter {deleted} -layer {}
win_set_filter -visible -class pseudo_tsv -filter {deleted} -layer {}
win_set_filter -visible -class placement_blockage -filter {wiring} -layer {0-11}
win_set_filter -expand_cell_types {soft_macro  }
win_set_select_class -visible {cell port bound routing_blockage shaping_blockage pg_region bump_region pseudo_bump pseudo_tsv pin_blockage block_shielding topology_node topology_edge topology_repeater annotation_shape core_area die_area edit_group shape via terminal fill_cell metal_area metal_area_hole placement_blockage }
win_set_filter -class cell -filter {array assembly_die_margin bridge clock_margin filler_allowed_margin hard_macro_margin hard_margin route_blockage_margin seal_ring_margin soft_margin substrate} -layer {}
win_set_filter -class pseudo_bump -filter {deleted} -layer {}
win_set_filter -class pseudo_tsv -filter {deleted} -layer {}
win_set_filter -class placement_blockage -filter {wiring} -layer {0-11}
win_set_select_class {cell port bound routing_blockage shaping_blockage pg_region bump_region pseudo_bump pseudo_tsv pin_blockage topology_node topology_edge topology_repeater annotation_shape edit_group shape via metal_area metal_area_hole placement_blockage }
link_block
gui_zoom -window [gui_get_current_window -types Layout -mru] -factor 0.5 -at_point {490.7300 1057.5650}
gui_zoom -window [gui_get_current_window -types Layout -mru] -factor 2 -at_point {271.4800 1252.3250}
gui_zoom -window [gui_get_current_window -types Layout -mru] -factor 2 -at_point {271.4800 1252.3250}
gui_zoom -window [gui_get_current_window -types Layout -mru] -factor 2 -at_point {271.4800 1253.6550}
gui_zoom -window [gui_get_current_window -types Layout -mru] -factor 2 -at_point {334.6950 1264.9700}
gui_zoom -window [gui_get_current_window -types Layout -mru] -factor 2 -at_point {334.6950 1264.9700}
gui_zoom -window [gui_get_current_window -types Layout -mru] -factor 0.5 -at_point {334.6950 1264.9700}
gui_zoom -window [gui_get_current_window -types Layout -mru] -factor 0.5 -at_point {334.6950 1264.9700}
gui_zoom -window [gui_get_current_window -types Layout -mru] -factor 0.5 -at_point {335.3600 1264.9700}
gui_zoom -window [gui_get_current_window -types Layout -mru] -factor 0.5 -at_point {340.6850 1262.9750}
gui_zoom -window [gui_get_current_window -types Layout -mru] -factor 0.5 -at_point {346.0050 1262.9750}
gui_zoom -window [gui_get_current_window -types Layout -mru] -factor 2 -at_point {404.5600 1278.9400}
gui_zoom -window [gui_get_current_window -types Layout -mru] -factor 0.5 -at_point {431.1750 1284.2650}
gui_zoom -window [gui_get_current_window -types Layout -mru] -factor 2 -at_point {431.1750 1284.2650}
gui_scroll -window [gui_get_current_window -view] -vrel .2
gui_scroll -window [gui_get_current_window -view] -vrel .2
gui_zoom -window [gui_get_current_window -types Layout -mru] -factor 0.5 -at_point {532.3200 1164.4950}
gui_zoom -window [gui_get_current_window -types Layout -mru] -factor 2 -at_point {526.9950 922.2900}
gui_zoom -window [gui_get_current_window -types Layout -mru] -factor 0.5 -at_point {542.9650 964.8750}
gui_zoom -window [gui_get_current_window -types Layout -mru] -factor 2 -at_point {564.2550 1108.6000}
gui_mouse_tool -window [gui_get_current_window -types Layout -mru] -start RulerTool
gui_mouse_tool -window [gui_get_current_window -types Layout -mru] -add_point {-5.3200 -3.9400} -scale 2.66159
gui_mouse_tool -window [gui_get_current_window -types Layout -mru] -add_point {838.4000 9.3650} -scale 2.66159
gui_mouse_tool -window [gui_get_current_window -types Layout -mru] -add_point {10.6450 1.3800} -scale 2.66159
gui_mouse_tool -window [gui_get_current_window -types Layout -mru] -add_point {7.9850 2151.9450} -scale 2.66159
gui_zoom -window [gui_get_current_window -types Layout -mru] -factor 0.5 -at_point {598.8550 927.6100}
gui_zoom -window [gui_get_current_window -types Layout -mru] -factor 0.5 -at_point {596.1950 927.6100}
gui_zoom -window [gui_get_current_window -types Layout -mru] -factor 0.5 -at_point {596.1950 922.2900}
gui_zoom -window [gui_get_current_window -types Layout -mru] -factor 2 -at_point {1048.5750 -120.9250}
gui_zoom -window [gui_get_current_window -types Layout -mru] -factor 2 -at_point {950.2700 -68.4950}
gui_zoom -window [gui_get_current_window -types Layout -mru] -factor 2 -at_point {897.8450 -32.4500}
gui_zoom -window [gui_get_current_window -types Layout -mru] -factor 0.5 -at_point {774.9650 121.5600}
gui_zoom -window [gui_get_current_window -types Layout -mru] -factor 0.5 -at_point {773.3250 124.8350}
gui_zoom -window [gui_get_current_window -types Layout -mru] -factor 2 -at_point {655.3600 849.0050}
gui_zoom -window [gui_get_current_window -types Layout -mru] -factor 2 -at_point {655.3600 849.0050}
gui_zoom -window [gui_get_current_window -types Layout -mru] -factor 0.5 -at_point {655.3600 849.0050}
gui_zoom -window [gui_get_current_window -types Layout -mru] -factor 0.5 -at_point {655.3600 849.0050}
gui_zoom -window [gui_get_current_window -types Layout -mru] -factor 2 -at_point {661.9150 1229.1150}
gui_zoom -window [gui_get_current_window -types Layout -mru] -factor 0.5 -at_point {720.8950 996.4650}
gui_zoom -window [gui_get_current_window -types Layout -mru] -factor 2 -at_point {747.1100 1524.0300}
gui_zoom -window [gui_get_current_window -types Layout -mru] -factor 2 -at_point {842.1400 1530.5800}
gui_zoom -window [gui_get_current_window -types Layout -mru] -factor 2 -at_point {840.5000 1530.5800}
gui_zoom -window [gui_get_current_window -types Layout -mru] -factor 2 -at_point {840.5000 1530.5800}
gui_mouse_tool -window [gui_get_current_window -types Layout -mru] -add_point {828.2100 1521.1600} -scale 0.4096
gui_mouse_tool -window [gui_get_current_window -types Layout -mru] -add_point {841.7300 1519.9300} -scale 0.4096
gui_zoom -window [gui_get_current_window -types Layout -mru] -factor 0.5 -at_point {847.8700 1505.1850}
gui_zoom -window [gui_get_current_window -types Layout -mru] -factor 0.5 -at_point {855.2450 1504.3650}
gui_zoom -window [gui_get_current_window -types Layout -mru] -factor 0.5 -at_point {927.3350 1319.2300}
gui_zoom -window [gui_get_current_window -types Layout -mru] -factor 2 -at_point {1035.4700 1219.2850}
gui_zoom -window [gui_get_current_window -types Layout -mru] -factor 0.5 -at_point {912.5900 1234.0300}
gui_zoom -window [gui_get_current_window -types Layout -mru] -factor 2 -at_point {910.9500 1406.0650}
gui_zoom -window [gui_get_current_window -types Layout -mru] -factor 2 -at_point {876.5450 1406.0650}
gui_zoom -window [gui_get_current_window -types Layout -mru] -factor 2 -at_point {859.3400 1406.0650}
gui_zoom -window [gui_get_current_window -types Layout -mru] -factor 0.5 -at_point {850.3300 1406.4750}
gui_zoom -window [gui_get_current_window -types Layout -mru] -factor 0.5 -at_point {858.5200 1406.8800}
gui_zoom -window [gui_get_current_window -types Layout -mru] -factor 0.5 -at_point {874.9050 1406.0650}
gui_zoom -window [gui_get_current_window -types Layout -mru] -factor 0.5 -at_point {907.6750 1406.0650}
gui_zoom -window [gui_get_current_window -types Layout -mru] -factor 2 -at_point {1336.9350 966.9700}
gui_zoom -window [gui_get_current_window -types Layout -mru] -factor 2 -at_point {796.2600 2166.2800}
gui_zoom -window [gui_get_current_window -types Layout -mru] -factor 2 -at_point {796.2600 2154.8100}
gui_zoom -window [gui_get_current_window -types Layout -mru] -factor 2 -at_point {796.2600 2150.7150}
gui_mouse_tool -window [gui_get_current_window -types Layout -mru] -add_point {786.4300 2136.7900} -scale 0.4096
gui_mouse_tool -window [gui_get_current_window -types Layout -mru] -add_point {787.2500 2148.6700} -scale 0.4096
gui_zoom -window [gui_get_current_window -types Layout -mru] -factor 0.5 -at_point {896.6150 2088.0450}
gui_zoom -window [gui_get_current_window -types Layout -mru] -factor 0.5 -at_point {948.6350 2073.7100}
gui_zoom -window [gui_get_current_window -types Layout -mru] -factor 0.5 -at_point {1096.0900 1817.3000}
gui_zoom -window [gui_get_current_window -types Layout -mru] -factor 0.5 -at_point {963.3800 970.2500}
gui_zoom -window [gui_get_current_window -types Layout -mru] -factor 0.5 -at_point {1094.4500 1301.2050}
gui_zoom -window [gui_get_current_window -types Layout -mru] -factor 0.5 -at_point {1350.0400 1294.6500}
gui_zoom -window [gui_get_current_window -types Layout -mru] -factor 0.5 -at_point {1350.0400 1294.6500}
gui_zoom -window [gui_get_current_window -types Layout -mru] -factor 0.5 -at_point {1323.8250 1189.7950}
gui_zoom -window [gui_get_current_window -types Layout -mru] -factor 0.5 -at_point {1350.0400 1124.2600}
gui_zoom -window [gui_get_current_window -types Layout -mru] -factor 2 -at_point {1258.2900 -251.9950}
gui_zoom -window [gui_get_current_window -types Layout -mru] -factor 2 -at_point {1048.5750 -127.4750}
gui_set_setting -window [gui_get_current_window -types Layout -mru] -setting showPin -value true
win_set_select_class -visible {cell pin port bound routing_blockage shaping_blockage pg_region bump_region pseudo_bump pseudo_tsv pin_blockage block_shielding topology_node topology_edge topology_repeater annotation_shape core_area die_area edit_group shape via terminal fill_cell metal_area metal_area_hole placement_blockage }
win_set_select_class {cell pin port bound routing_blockage shaping_blockage pg_region bump_region pseudo_bump pseudo_tsv pin_blockage topology_node topology_edge topology_repeater annotation_shape edit_group shape via metal_area metal_area_hole placement_blockage }
gui_set_setting -window [gui_get_current_window -types Layout -mru] -setting showPin -value false
win_set_select_class -visible {cell port bound routing_blockage shaping_blockage pg_region bump_region pseudo_bump pseudo_tsv pin_blockage block_shielding topology_node topology_edge topology_repeater annotation_shape core_area die_area edit_group shape via terminal fill_cell metal_area metal_area_hole placement_blockage }
win_set_select_class {cell port bound routing_blockage shaping_blockage pg_region bump_region pseudo_bump pseudo_tsv pin_blockage topology_node topology_edge topology_repeater annotation_shape edit_group shape via metal_area metal_area_hole placement_blockage }
gui_mouse_tool -window [gui_get_current_window -types Layout -mru] -reset
gui_mouse_tool -window [gui_get_current_window -types Layout -mru] -cancel
gui_zoom -window [gui_get_current_window -types Layout -mru] -factor 2 -at_point {986.3150 347.6550}
gui_zoom -window [gui_get_current_window -types Layout -mru] -factor 0.5 -at_point {914.2250 347.6550}
gui_zoom -window [gui_get_current_window -types Layout -mru] -factor 0.5 -at_point {956.8250 115.0050}
gui_zoom -window [gui_get_current_window -types Layout -mru] -factor 2 -at_point {1081.3450 -337.1900}
gui_zoom -window [gui_get_current_window -types Layout -mru] -factor 2 -at_point {924.0600 1497.8150}
gui_zoom -window [gui_get_current_window -types Layout -mru] -factor 2 -at_point {883.1000 1497.8150}
gui_zoom -window [gui_get_current_window -types Layout -mru] -factor 2 -at_point {862.6200 1497.8150}
gui_zoom -window [gui_get_current_window -types Layout -mru] -factor 0.5 -at_point {852.3800 1497.8150}
gui_zoom -window [gui_get_current_window -types Layout -mru] -factor 0.5 -at_point {862.6200 1497.8150}
gui_zoom -window [gui_get_current_window -types Layout -mru] -factor 0.5 -at_point {883.1000 1497.8150}
gui_zoom -window [gui_get_current_window -types Layout -mru] -factor 2 -at_point {901.1200 2231.8150}
gui_zoom -window [gui_get_current_window -types Layout -mru] -factor 2 -at_point {871.6300 2187.5800}
gui_zoom -window [gui_get_current_window -types Layout -mru] -factor 2 -at_point {857.7000 2160.5450}
gui_zoom -window [gui_get_current_window -types Layout -mru] -factor 2 -at_point {820.8400 2137.2000}
gui_zoom -window [gui_get_current_window -types Layout -mru] -factor 2 -at_point {820.8400 2137.2000}
gui_zoom -window [gui_get_current_window -types Layout -mru] -factor 0.5 -at_point {820.8400 2137.2000}
gui_zoom -window [gui_get_current_window -types Layout -mru] -factor 0.5 -at_point {820.8400 2137.2000}
gui_zoom -window [gui_get_current_window -types Layout -mru] -factor 0.5 -at_point {820.8400 2137.2000}
gui_zoom -window [gui_get_current_window -types Layout -mru] -factor 0.5 -at_point {820.8400 2137.6100}
gui_zoom -window [gui_get_current_window -types Layout -mru] -factor 2 -at_point {860.1600 1468.3200}
gui_zoom -window [gui_get_current_window -types Layout -mru] -factor 2 -at_point {851.1500 1468.3200}
gui_zoom -window [gui_get_current_window -types Layout -mru] -factor 2 -at_point {846.6450 1468.3200}
gui_zoom -window [gui_get_current_window -types Layout -mru] -factor 0.5 -at_point {845.4150 1540.6150}
gui_zoom -window [gui_get_current_window -types Layout -mru] -factor 0.5 -at_point {847.4600 1544.9200}
gui_zoom -window [gui_get_current_window -types Layout -mru] -factor 2 -at_point {865.8950 1573.1800}
gui_zoom -window [gui_get_current_window -types Layout -mru] -factor 2 -at_point {854.0150 1571.9500}
gui_set_setting -window [gui_get_current_window -types Layout -mru] -setting showPin -value true
win_set_select_class -visible {cell pin port bound routing_blockage shaping_blockage pg_region bump_region pseudo_bump pseudo_tsv pin_blockage block_shielding topology_node topology_edge topology_repeater annotation_shape core_area die_area edit_group shape via terminal fill_cell metal_area metal_area_hole placement_blockage }
win_set_select_class {cell pin port bound routing_blockage shaping_blockage pg_region bump_region pseudo_bump pseudo_tsv pin_blockage topology_node topology_edge topology_repeater annotation_shape edit_group shape via metal_area metal_area_hole placement_blockage }
gui_zoom -window [gui_get_current_window -types Layout -mru] -factor 0.5 -at_point {793.3950 1542.4600}
gui_zoom -window [gui_get_current_window -types Layout -mru] -factor 0.5 -at_point {793.3950 1542.0500}
gui_zoom -window [gui_get_current_window -types Layout -mru] -factor 0.5 -at_point {792.9850 1542.0500}
gui_zoom -window [gui_get_current_window -types Layout -mru] -factor 0.5 -at_point {792.9850 1542.0500}
close_lib
open_block maia.ndm:maia.design
win_set_select_class -visible {cell port bound routing_blockage shaping_blockage pg_region bump_region pseudo_bump pseudo_tsv pin_blockage block_shielding topology_node topology_edge topology_repeater annotation_shape core_area die_area edit_group shape via terminal fill_cell metal_area metal_area_hole placement_blockage }
win_set_select_class {cell port bound routing_blockage shaping_blockage pg_region bump_region pseudo_bump pseudo_tsv pin_blockage topology_node topology_edge topology_repeater annotation_shape edit_group shape via metal_area metal_area_hole placement_blockage }
link_block
gui_mouse_tool -window [gui_get_current_window -types Layout -mru] -start RulerTool
gui_zoom -window [gui_get_current_window -types Layout -mru] -factor 0.5 -at_point {-66.7150 152.8900}
gui_zoom -window [gui_get_current_window -types Layout -mru] -factor 0.5 -at_point {-136.9250 157.2550}
gui_zoom -window [gui_get_current_window -types Layout -mru] -factor 2 -at_point {-57.0500 -487.4350}
gui_zoom -window [gui_get_current_window -types Layout -mru] -factor 2 -at_point {-28.5250 -247.8150}
gui_zoom -window [gui_get_current_window -types Layout -mru] -factor 2 -at_point {-14.2600 -122.3000}
gui_mouse_tool -window [gui_get_current_window -types Layout -mru] -add_point {-5.7050 -2.4900} -scale 1.42631
gui_mouse_tool -window [gui_get_current_window -types Layout -mru] -add_point {402.2200 -2.4900} -scale 1.42631
gui_mouse_tool -window [gui_get_current_window -types Layout -mru] -add_point {-4.2750 -8.1950} -scale 1.42631
gui_zoom -window [gui_get_current_window -types Layout -mru] -factor 0.5 -at_point {-32.8050 923.1850}
gui_zoom -window [gui_get_current_window -types Layout -mru] -factor 0.5 -at_point {-62.7550 921.7600}
gui_zoom -window [gui_get_current_window -types Layout -mru] -factor 0.5 -at_point {-125.5150 921.7600}
gui_zoom -window [gui_get_current_window -types Layout -mru] -factor 0.5 -at_point {-251.0300 927.4650}
gui_zoom -window [gui_get_current_window -types Layout -mru] -factor 2 -at_point {-222.8200 2260.7950}
gui_zoom -window [gui_get_current_window -types Layout -mru] -factor 2 -at_point {-111.4100 2267.3450}
gui_zoom -window [gui_get_current_window -types Layout -mru] -factor 2 -at_point {-55.7050 2267.3450}
gui_mouse_tool -window [gui_get_current_window -types Layout -mru] -add_point {-11.4650 2282.0900} -scale 1.6384
gui_zoom -window [gui_get_current_window -types Layout -mru] -factor 0.5 -at_point {555.4200 1466.1700}
gui_zoom -window [gui_get_current_window -types Layout -mru] -factor 2 -at_point {337.5100 2191.9800}
gui_zoom -window [gui_get_current_window -types Layout -mru] -factor 2 -at_point {294.9100 2324.6900}
gui_zoom -window [gui_get_current_window -types Layout -mru] -factor 2 -at_point {294.9100 2299.2950}
gui_zoom -window [gui_get_current_window -types Layout -mru] -factor 2 -at_point {294.9100 2286.6000}
gui_zoom -window [gui_get_current_window -types Layout -mru] -factor 2 -at_point {294.9100 2280.2500}
gui_mouse_tool -window [gui_get_current_window -types Layout -mru] -add_point {310.9900 2261.3050} -scale 0.1024
gui_mouse_tool -window [gui_get_current_window -types Layout -mru] -add_point {311.2950 2273.1850} -scale 0.1024
gui_zoom -window [gui_get_current_window -types Layout -mru] -factor 0.5 -at_point {328.6000 2252.6000}
gui_zoom -window [gui_get_current_window -types Layout -mru] -factor 0.5 -at_point {329.7300 2249.5300}
gui_zoom -window [gui_get_current_window -types Layout -mru] -factor 0.5 -at_point {331.7750 2244.8200}
gui_zoom -window [gui_get_current_window -types Layout -mru] -factor 0.5 -at_point {331.7750 2245.2300}
gui_zoom -window [gui_get_current_window -types Layout -mru] -factor 2 -at_point {406.3250 1898.7050}
gui_zoom -window [gui_get_current_window -types Layout -mru] -factor 2 -at_point {401.4100 1897.8850}
gui_zoom -window [gui_get_current_window -types Layout -mru] -factor 2 -at_point {398.9500 1897.8850}
gui_mouse_tool -window [gui_get_current_window -types Layout -mru] -add_point {384.8200 1933.5200} -scale 0.2048
gui_mouse_tool -window [gui_get_current_window -types Layout -mru] -add_point {398.1300 1932.9100} -scale 0.2048
gui_scroll -window [gui_get_current_window -view] -vrel .2
gui_zoom -window [gui_get_current_window -types Layout -mru] -factor 0.5 -at_point {393.2150 1883.7550}
gui_zoom -window [gui_get_current_window -types Layout -mru] -factor 0.5 -at_point {393.2150 1883.5500}
gui_scroll -window [gui_get_current_window -view] -vrel .2
gui_zoom -window [gui_get_current_window -types Layout -mru] -factor 0.5 -at_point {373.5550 1739.7800}
gui_zoom -window [gui_get_current_window -types Layout -mru] -factor 0.5 -at_point {371.9150 1734.8650}
gui_scroll -window [gui_get_current_window -view] -vrel .2
gui_scroll -window [gui_get_current_window -view] -vrel .2
gui_scroll -window [gui_get_current_window -view] -vrel .2
gui_scroll -window [gui_get_current_window -view] -vrel .2
gui_scroll -window [gui_get_current_window -view] -vrel .2
gui_zoom -window [gui_get_current_window -types Layout -mru] -factor 0.5 -at_point {350.6200 769.8500}
gui_zoom -window [gui_get_current_window -types Layout -mru] -factor 0.5 -at_point {353.8950 773.1250}
gui_zoom -window [gui_get_current_window -types Layout -mru] -factor 0.5 -at_point {353.8950 766.5700}
gui_zoom -window [gui_get_current_window -types Layout -mru] -factor 2 -at_point {983.0400 648.6050}
gui_zoom -window [gui_get_current_window -types Layout -mru] -factor 2 -at_point {806.0950 393.0150}
gui_zoom -window [gui_get_current_window -types Layout -mru] -factor 2 -at_point {599.6550 393.0150}
gui_zoom -window [gui_get_current_window -types Layout -mru] -factor 0.5 -at_point {498.0750 394.6550}
gui_zoom -window [gui_get_current_window -types Layout -mru] -factor 0.5 -at_point {599.6550 396.2950}
gui_zoom -window [gui_get_current_window -types Layout -mru] -factor 0.5 -at_point {799.5400 406.1250}
gui_zoom -window [gui_get_current_window -types Layout -mru] -factor 0.5 -at_point {1166.5400 583.0700}
gui_zoom -window [gui_get_current_window -types Layout -mru] -factor 2 -at_point {1939.8650 -59.1800}
gui_zoom -window [gui_get_current_window -types Layout -mru] -factor 2 -at_point {1297.6150 -196.8050}
gui_zoom -window [gui_get_current_window -types Layout -mru] -factor 0.5 -at_point {763.4950 -36.2400}
gui_zoom -window [gui_get_current_window -types Layout -mru] -factor 0.5 -at_point {1133.7750 -72.2850}
gui_zoom -window [gui_get_current_window -types Layout -mru] -factor 2 -at_point {2070.9400 399.5700}
gui_zoom -window [gui_get_current_window -types Layout -mru] -factor 2 -at_point {1238.6300 399.5700}
gui_zoom -window [gui_get_current_window -types Layout -mru] -factor 0.5 -at_point {-543.9450 491.3200}
gui_zoom -window [gui_get_current_window -types Layout -mru] -factor 0.5 -at_point {-3735.5500 635.5000}
gui_zoom -window [gui_get_current_window -types Layout -mru] -factor 0.5 -at_point {-7680.8150 661.7150}
gui_zoom -window [gui_get_current_window -types Layout -mru] -factor 0.5 -at_point {-8205.1050 674.8200}
gui_zoom -window [gui_get_current_window -types Layout -mru] -factor 0.5 -at_point {-8205.1050 648.6050}
gui_zoom -window [gui_get_current_window -types Layout -mru] -factor 0.5 -at_point {-8205.1050 648.6050}
gui_zoom -window [gui_get_current_window -types Layout -mru] -factor 2 -at_point {3853.5150 478.2150}
gui_zoom -window [gui_get_current_window -types Layout -mru] -factor 2 -at_point {2129.9200 478.2150}
gui_zoom -window [gui_get_current_window -types Layout -mru] -factor 2 -at_point {1261.5700 478.2150}
gui_zoom -window [gui_get_current_window -types Layout -mru] -factor 2 -at_point {829.0300 478.2150}
gui_zoom -window [gui_get_current_window -types Layout -mru] -factor 0.5 -at_point {600.4750 484.7650}
gui_zoom -window [gui_get_current_window -types Layout -mru] -factor 0.5 -at_point {804.4550 484.7650}
gui_zoom -window [gui_get_current_window -types Layout -mru] -factor 0.5 -at_point {-2113.5350 763.2950}
gui_zoom -window [gui_get_current_window -types Layout -mru] -factor 0.5 -at_point {-4227.0700 760.0200}
gui_zoom -window [gui_get_current_window -types Layout -mru] -factor 0.5 -at_point {-8323.0700 701.0350}
gui_zoom -window [gui_get_current_window -types Layout -mru] -factor 0.5 -at_point {5452.5950 465.1050}
gui_zoom -window [gui_get_current_window -types Layout -mru] -factor 2 -at_point {5465.7000 504.4300}
gui_zoom -window [gui_get_current_window -types Layout -mru] -factor 2 -at_point {2936.0150 504.4300}
gui_zoom -window [gui_get_current_window -types Layout -mru] -factor 2 -at_point {1664.6150 504.4300}
gui_zoom -window [gui_get_current_window -types Layout -mru] -factor 2 -at_point {1035.4700 512.6200}
gui_zoom -window [gui_get_current_window -types Layout -mru] -factor 2 -at_point {715.9800 512.6200}
gui_zoom -window [gui_get_current_window -types Layout -mru] -factor 2 -at_point {556.2350 512.6200}
gui_zoom -window [gui_get_current_window -types Layout -mru] -factor 0.5 -at_point {203.7750 525.7250}
gui_zoom -window [gui_get_current_window -types Layout -mru] -factor 0.5 -at_point {203.5700 525.7250}
gui_zoom -window [gui_get_current_window -types Layout -mru] -factor 0.5 -at_point {203.1600 525.7250}
gui_zoom -window [gui_get_current_window -types Layout -mru] -factor 0.5 -at_point {203.1600 525.7250}
gui_zoom -window [gui_get_current_window -types Layout -mru] -factor 0.5 -at_point {209.7150 524.0900}
gui_zoom -window [gui_get_current_window -types Layout -mru] -factor 0.5 -at_point {229.3750 497.8750}
gui_zoom -window [gui_get_current_window -types Layout -mru] -factor 0.5 -at_point {262.1450 478.2150}
gui_zoom -window [gui_get_current_window -types Layout -mru] -factor 2 -at_point {12202.8050 452.0000}
gui_zoom -window [gui_get_current_window -types Layout -mru] -factor 2 -at_point {6920.6000 478.2150}
gui_zoom -window [gui_get_current_window -types Layout -mru] -factor 2 -at_point {3656.9100 478.2150}
gui_zoom -window [gui_get_current_window -types Layout -mru] -factor 0.5 -at_point {1964.4400 470.0200}
gui_zoom -window [gui_get_current_window -types Layout -mru] -factor 0.5 -at_point {3506.1750 461.8300}
gui_zoom -window [gui_get_current_window -types Layout -mru] -factor 0.5 -at_point {-255.5900 1094.2500}
gui_zoom -window [gui_get_current_window -types Layout -mru] -factor 2 -at_point {-511.1800 1094.2500}
gui_zoom -window [gui_get_current_window -types Layout -mru] -factor 2 -at_point {-255.5900 1094.2500}
gui_zoom -window [gui_get_current_window -types Layout -mru] -factor 2 -at_point {-127.7950 1094.2500}
gui_zoom -window [gui_get_current_window -types Layout -mru] -factor 0.5 -at_point {1294.3350 1022.1600}
gui_zoom -window [gui_get_current_window -types Layout -mru] -factor 0.5 -at_point {2179.0700 1018.8850}
gui_zoom -window [gui_get_current_window -types Layout -mru] -factor 0.5 -at_point {3964.9300 1015.6100}
gui_zoom -window [gui_get_current_window -types Layout -mru] -factor 2 -at_point {-2097.1500 1199.1100}
gui_zoom -window [gui_get_current_window -types Layout -mru] -factor 2 -at_point {-1048.5750 1199.1100}
gui_zoom -window [gui_get_current_window -types Layout -mru] -factor 2 -at_point {-524.2850 1199.1100}
gui_zoom -window [gui_get_current_window -types Layout -mru] -factor 2 -at_point {-262.1400 1199.1100}
gui_zoom -window [gui_get_current_window -types Layout -mru] -factor 0.5 -at_point {729.9050 1180.2700}
gui_zoom -window [gui_get_current_window -types Layout -mru] -factor 0.5 -at_point {1063.3200 1181.0850}
gui_zoom -window [gui_get_current_window -types Layout -mru] -factor 0.5 -at_point {1730.1500 1179.4500}
gui_zoom -window [gui_get_current_window -types Layout -mru] -factor 0.5 -at_point {-321.1250 1310.5200}
gui_zoom -window [gui_get_current_window -types Layout -mru] -factor 2 -at_point {-642.2500 1303.9650}
gui_zoom -window [gui_get_current_window -types Layout -mru] -factor 2 -at_point {-321.1250 1303.9650}
gui_zoom -window [gui_get_current_window -types Layout -mru] -factor 0.5 -at_point {-68.8100 1182.7250}
gui_zoom -window [gui_get_current_window -types Layout -mru] -factor 2 -at_point {-131.0700 1153.2350}
gui_scroll -window [gui_get_current_window -view] -vrel .2
gui_scroll -window [gui_get_current_window -view] -vrel .2
gui_zoom -window [gui_get_current_window -types Layout -mru] -factor 0.5 -at_point {425.9850 1307.2450}
gui_zoom -window [gui_get_current_window -types Layout -mru] -factor 2 -at_point {373.5550 642.0550}
gui_zoom -window [gui_get_current_window -types Layout -mru] -factor 0.5 -at_point {311.2950 756.7400}
gui_zoom -window [gui_get_current_window -types Layout -mru] -factor 2 -at_point {85.1950 1212.2150}
gui_mouse_tool -window [gui_get_current_window -types Layout -mru] -reset
gui_mouse_tool -window [gui_get_current_window -types Layout -mru] -cancel
close_lib
open_lib /home/01fe21bec256/1.Internship_Project/Alnitak/Alnitak_2/vega.ndm -edit
open_block -ref_libs_for_edit /home/01fe21bec256/1.Internship_Project/Alnitak/Alnitak_2/vega.ndm:vega.design
link_block
close_lib
open_lib /home/01fe21bec256/1.Internship_Project/Alnitak/Alnitak_2/interposer.ndm -edit
open_block -ref_libs_for_edit /home/01fe21bec256/1.Internship_Project/Alnitak/Alnitak_2/interposer.ndm:interposer.design
link_block
gui_zoom -window [gui_get_current_window -types Layout -mru] -factor 0.5 -at_point {883.3650 3036.5650}
gui_mouse_tool -window [gui_get_current_window -types Layout -mru] -start RulerTool
gui_mouse_tool -window [gui_get_current_window -types Layout -mru] -add_point {85.6050 -69.4500} -scale 12.22945
gui_mouse_tool -window [gui_get_current_window -types Layout -mru] -add_point {2372.5150 3.9250} -scale 12.22945
gui_mouse_tool -window [gui_get_current_window -types Layout -mru] -add_point {-24.4550 40.6150} -scale 12.22945
gui_mouse_tool -window [gui_get_current_window -types Layout -mru] -add_point {-24.4550 4993.5400} -scale 12.22945
gui_zoom -window [gui_get_current_window -types Layout -mru] -factor 2 -at_point {1871.1050 2755.5500}
gui_zoom -window [gui_get_current_window -types Layout -mru] -factor 2 -at_point {1877.2200 2755.5500}
gui_zoom -window [gui_get_current_window -types Layout -mru] -factor 2 -at_point {1883.3350 2752.4950}
gui_mouse_tool -window [gui_get_current_window -types Layout -mru] -add_point {2302.1950 2624.0850} -scale 1.52868
gui_mouse_tool -window [gui_get_current_window -types Layout -mru] -add_point {2419.9000 2628.6700} -scale 1.52868
gui_zoom -window [gui_get_current_window -types Layout -mru] -factor 0.5 -at_point {2282.3200 2679.1200}
gui_zoom -window [gui_get_current_window -types Layout -mru] -factor 0.5 -at_point {1941.4250 2960.3950}
gui_zoom -window [gui_get_current_window -types Layout -mru] -factor 0.5 -at_point {1926.1400 2963.4500}
gui_zoom -window [gui_get_current_window -types Layout -mru] -factor 2 -at_point {1394.1550 5018.0000}
gui_zoom -window [gui_get_current_window -types Layout -mru] -factor 2 -at_point {1394.1550 5018.0000}
gui_zoom -window [gui_get_current_window -types Layout -mru] -factor 2 -at_point {1394.1550 5018.0000}
gui_mouse_tool -window [gui_get_current_window -types Layout -mru] -add_point {1444.6050 4909.4650} -scale 1.52868
gui_mouse_tool -window [gui_get_current_window -types Layout -mru] -add_point {1441.5450 5013.4150} -scale 1.52868
gui_zoom -window [gui_get_current_window -types Layout -mru] -factor 2 -at_point {1521.0400 4730.6100}
gui_zoom -window [gui_get_current_window -types Layout -mru] -factor 2 -at_point {1521.0400 4730.6100}
gui_zoom -window [gui_get_current_window -types Layout -mru] -factor 2 -at_point {1521.0400 4730.6100}
gui_zoom -window [gui_get_current_window -types Layout -mru] -factor 2 -at_point {1521.0400 4730.6100}
gui_zoom -window [gui_get_current_window -types Layout -mru] -factor 0.5 -at_point {1514.2550 4733.4750}
gui_mouse_tool -window [gui_get_current_window -types Layout -mru] -add_point {1482.8200 4748.7600} -scale 0.19109
gui_mouse_tool -window [gui_get_current_window -types Layout -mru] -add_point {1529.6350 4747.6150} -scale 0.19109
gui_zoom -window [gui_get_current_window -types Layout -mru] -factor 0.5 -at_point {1522.1850 4680.9250}
gui_zoom -window [gui_get_current_window -types Layout -mru] -factor 0.5 -at_point {1522.1850 4680.9250}
gui_zoom -window [gui_get_current_window -types Layout -mru] -factor 0.5 -at_point {1523.3300 4680.1600}
gui_zoom -window [gui_get_current_window -types Layout -mru] -factor 0.5 -at_point {1522.5650 4680.1600}
gui_zoom -window [gui_get_current_window -types Layout -mru] -factor 0.5 -at_point {1761.0400 4210.8550}
gui_zoom -window [gui_get_current_window -types Layout -mru] -factor 0.5 -at_point {1761.0400 4210.8550}
gui_zoom -window [gui_get_current_window -types Layout -mru] -factor 0.5 -at_point {1773.2700 4210.8550}
gui_zoom -window [gui_get_current_window -types Layout -mru] -factor 2 -at_point {1761.0400 4210.8550}
gui_zoom -window [gui_get_current_window -types Layout -mru] -factor 2 -at_point {1761.0400 4210.8550}
gui_zoom -window [gui_get_current_window -types Layout -mru] -factor 2 -at_point {1761.0400 4210.8550}
gui_zoom -window [gui_get_current_window -types Layout -mru] -factor 2 -at_point {1764.1000 4207.8000}
gui_scroll -window [gui_get_current_window -view] -vrel .2
gui_scroll -window [gui_get_current_window -view] -vrel .2
gui_scroll -window [gui_get_current_window -view] -vrel .2
gui_zoom -window [gui_get_current_window -types Layout -mru] -factor 0.5 -at_point {1764.1000 3441.9300}
gui_zoom -window [gui_get_current_window -types Layout -mru] -factor 0.5 -at_point {1764.1000 3443.4600}
gui_zoom -window [gui_get_current_window -types Layout -mru] -factor 0.5 -at_point {1767.1550 3446.5150}
gui_scroll -window [gui_get_current_window -view] -vrel .2
gui_scroll -window [gui_get_current_window -view] -vrel .2
gui_scroll -window [gui_get_current_window -view] -vrel .2
gui_zoom -window [gui_get_current_window -types Layout -mru] -factor 2 -at_point {1369.7000 1459.2300}
gui_scroll -window [gui_get_current_window -view] -vrel .2
gui_scroll -window [gui_get_current_window -view] -vrel .2
gui_zoom -window [gui_get_current_window -types Layout -mru] -factor 2 -at_point {1583.7150 4479.9050}
gui_zoom -window [gui_get_current_window -types Layout -mru] -factor 2 -at_point {1583.7150 4479.9050}
gui_zoom -window [gui_get_current_window -types Layout -mru] -factor 2 -at_point {1583.7150 4479.9050}
gui_zoom -window [gui_get_current_window -types Layout -mru] -factor 2 -at_point {1583.7150 4479.9050}
gui_zoom -window [gui_get_current_window -types Layout -mru] -factor 0.5 -at_point {1583.7150 4476.4650}
gui_zoom -window [gui_get_current_window -types Layout -mru] -factor 0.5 -at_point {1583.7150 4476.8450}
gui_zoom -window [gui_get_current_window -types Layout -mru] -factor 0.5 -at_point {1583.7150 4476.8450}
gui_zoom -window [gui_get_current_window -types Layout -mru] -factor 0.5 -at_point {1583.7150 4476.8450}
gui_zoom -window [gui_get_current_window -types Layout -mru] -factor 2 -at_point {1620.4000 4987.4250}
gui_zoom -window [gui_get_current_window -types Layout -mru] -factor 2 -at_point {1620.4000 4984.3700}
gui_zoom -window [gui_get_current_window -types Layout -mru] -factor 2 -at_point {1620.4000 4984.3700}
gui_zoom -window [gui_get_current_window -types Layout -mru] -factor 2 -at_point {1456.0700 4629.7150}
gui_zoom -window [gui_get_current_window -types Layout -mru] -factor 2 -at_point {1456.0700 4629.7150}
gui_set_setting -window [gui_get_current_window -types Layout -mru] -setting showPin -value true
win_set_select_class -visible {cell pin port bound routing_blockage shaping_blockage pg_region bump_region pseudo_bump pseudo_tsv pin_blockage block_shielding topology_node topology_edge topology_repeater annotation_shape core_area die_area edit_group shape via terminal fill_cell metal_area metal_area_hole placement_blockage }
win_set_select_class {cell pin port bound routing_blockage shaping_blockage pg_region bump_region pseudo_bump pseudo_tsv pin_blockage topology_node topology_edge topology_repeater annotation_shape edit_group shape via metal_area metal_area_hole placement_blockage }
gui_mouse_tool -window [gui_get_current_window -types Layout -mru] -add_point {1446.5150 4634.4900} -scale 0.19109
gui_mouse_tool -window [gui_get_current_window -types Layout -mru] -add_point {1564.4150 4634.3000} -scale 0.19109
gui_zoom -window [gui_get_current_window -types Layout -mru] -factor 0.5 -at_point {1562.1200 4638.6950}
gui_zoom -window [gui_get_current_window -types Layout -mru] -factor 0.5 -at_point {1561.9300 4638.5050}
gui_zoom -window [gui_get_current_window -types Layout -mru] -factor 0.5 -at_point {1561.5500 4638.8850}
gui_zoom -window [gui_get_current_window -types Layout -mru] -factor 0.5 -at_point {1562.3100 4638.8850}
gui_zoom -window [gui_get_current_window -types Layout -mru] -factor 0.5 -at_point {1562.3100 4638.8850}
gui_zoom -window [gui_get_current_window -types Layout -mru] -factor 0.5 -at_point {1559.2550 4382.0700}
gui_zoom -window [gui_get_current_window -types Layout -mru] -factor 0.5 -at_point {1565.3700 4369.8400}
gui_zoom -window [gui_get_current_window -types Layout -mru] -factor 0.5 -at_point {1565.3700 4382.0700}
gui_zoom -window [gui_get_current_window -types Layout -mru] -factor 2 -at_point {3958.3750 -827.8100}
gui_zoom -window [gui_get_current_window -types Layout -mru] -factor 2 -at_point {3093.3000 456.6950}
gui_zoom -window [gui_get_current_window -types Layout -mru] -factor 0.5 -at_point {2339.6350 1544.5900}
gui_zoom -window [gui_get_current_window -types Layout -mru] -factor 0.5 -at_point {2333.0800 1557.7000}
gui_zoom -window [gui_get_current_window -types Layout -mru] -factor 2 -at_point {3407.8700 3995.6400}
gui_zoom -window [gui_get_current_window -types Layout -mru] -factor 2 -at_point {2922.9050 3995.6400}
gui_zoom -window [gui_get_current_window -types Layout -mru] -factor 2 -at_point {2673.8700 3995.6400}
gui_zoom -window [gui_get_current_window -types Layout -mru] -factor 2 -at_point {1549.9250 4762.4100}
gui_zoom -window [gui_get_current_window -types Layout -mru] -factor 2 -at_point {1549.9250 4762.4100}
gui_zoom -window [gui_get_current_window -types Layout -mru] -factor 2 -at_point {1549.9250 4762.4100}
gui_zoom -window [gui_get_current_window -types Layout -mru] -factor 0.5 -at_point {1609.3200 4585.4600}
gui_zoom -window [gui_get_current_window -types Layout -mru] -factor 0.5 -at_point {1609.7300 4585.4600}
gui_zoom -window [gui_get_current_window -types Layout -mru] -factor 0.5 -at_point {1623.6550 4567.4400}
gui_zoom -window [gui_get_current_window -types Layout -mru] -factor 0.5 -at_point {1625.2950 4569.0800}
gui_zoom -window [gui_get_current_window -types Layout -mru] -factor 0.5 -at_point {1625.2950 4572.3550}
gui_zoom -window [gui_get_current_window -types Layout -mru] -factor 0.5 -at_point {1625.2950 4572.3550}
gui_zoom -window [gui_get_current_window -types Layout -mru] -factor 0.5 -at_point {1599.0800 4624.7850}
gui_zoom -window [gui_get_current_window -types Layout -mru] -factor 2 -at_point {4141.8750 -172.4500}
gui_zoom -window [gui_get_current_window -types Layout -mru] -factor 2 -at_point {3289.9050 -93.8050}
gui_zoom -window [gui_get_current_window -types Layout -mru] -factor 0.5 -at_point {2647.6550 351.8350}
gui_zoom -window [gui_get_current_window -types Layout -mru] -factor 0.5 -at_point {3001.5500 37.2650}
gui_zoom -window [gui_get_current_window -types Layout -mru] -factor 2 -at_point {3774.8750 194.5500}
gui_zoom -window [gui_get_current_window -types Layout -mru] -factor 2 -at_point {3106.4050 194.5500}
gui_zoom -window [gui_get_current_window -types Layout -mru] -factor 2 -at_point {2765.6200 194.5500}
gui_zoom -window [gui_get_current_window -types Layout -mru] -factor 2 -at_point {2591.9500 194.5500}
gui_zoom -window [gui_get_current_window -types Layout -mru] -factor 2 -at_point {2506.7500 194.5500}
gui_zoom -window [gui_get_current_window -types Layout -mru] -factor 2 -at_point {2464.9750 194.5500}
gui_zoom -window [gui_get_current_window -types Layout -mru] -factor 0.5 -at_point {2371.1750 212.9800}
gui_zoom -window [gui_get_current_window -types Layout -mru] -factor 0.5 -at_point {2315.8800 238.7850}
gui_zoom -window [gui_get_current_window -types Layout -mru] -factor 0.5 -at_point {1123.9400 635.2800}
gui_zoom -window [gui_get_current_window -types Layout -mru] -factor 0.5 -at_point {1255.0150 633.6400}
gui_zoom -window [gui_get_current_window -types Layout -mru] -factor 0.5 -at_point {832.3050 1328.3250}
gui_zoom -window [gui_get_current_window -types Layout -mru] -factor 2 -at_point {3460.3000 705.7300}
gui_zoom -window [gui_get_current_window -types Layout -mru] -factor 2 -at_point {2942.5650 705.7300}
gui_zoom -window [gui_get_current_window -types Layout -mru] -factor 0.5 -at_point {1448.3450 1275.8950}
gui_zoom -window [gui_get_current_window -types Layout -mru] -factor 0.5 -at_point {1533.5400 1216.9100}
gui_zoom -window [gui_get_current_window -types Layout -mru] -factor 0.5 -at_point {14313.0600 -631.2000}
gui_zoom -window [gui_get_current_window -types Layout -mru] -factor 0.5 -at_point {26266.8300 -1352.0950}
gui_zoom -window [gui_get_current_window -types Layout -mru] -factor 2 -at_point {-2542.7950 4100.4950}
gui_zoom -window [gui_get_current_window -types Layout -mru] -factor 2 -at_point {-1258.2900 4100.4950}
gui_zoom -window [gui_get_current_window -types Layout -mru] -factor 2 -at_point {-629.1450 4100.4950}
gui_zoom -window [gui_get_current_window -types Layout -mru] -factor 0.5 -at_point {3381.6600 3428.7500}
gui_zoom -window [gui_get_current_window -types Layout -mru] -factor 0.5 -at_point {4397.4650 3399.2600}
gui_zoom -window [gui_get_current_window -types Layout -mru] -factor 2 -at_point {1350.0400 3510.6700}
gui_scroll -window [gui_get_current_window -view] -vrel .2
gui_scroll -window [gui_get_current_window -view] -vrel .2
gui_scroll -window [gui_get_current_window -view] -vrel .2
gui_zoom -window [gui_get_current_window -types Layout -mru] -factor 0.5 -at_point {1310.7200 3399.2600}
gui_zoom -window [gui_get_current_window -types Layout -mru] -factor 2 -at_point {1179.6500 2173.7400}
gui_zoom -window [gui_get_current_window -types Layout -mru] -factor 0.5 -at_point {1179.6500 2304.8100}
gui_zoom -window [gui_get_current_window -types Layout -mru] -factor 2 -at_point {1205.8600 2855.3100}
gui_mouse_tool -window [gui_get_current_window -types Layout -mru] -reset
gui_mouse_tool -window [gui_get_current_window -types Layout -mru] -cancel
gui_zoom -window [gui_get_current_window -types Layout -mru] -factor 2 -at_point {1677.7200 5057.3200}
gui_zoom -window [gui_get_current_window -types Layout -mru] -factor 2 -at_point {1677.7200 5037.6600}
gui_zoom -window [gui_get_current_window -types Layout -mru] -factor 2 -at_point {1677.7200 5027.8300}
gui_zoom -window [gui_get_current_window -types Layout -mru] -factor 0.5 -at_point {1617.9200 5007.3500}
gui_zoom -window [gui_get_current_window -types Layout -mru] -factor 2 -at_point {1448.3450 4908.2250}
gui_zoom -window [gui_get_current_window -types Layout -mru] -factor 0.5 -at_point {1448.3450 4908.2250}
gui_zoom -window [gui_get_current_window -types Layout -mru] -factor 0.5 -at_point {1449.9850 4401.9600}
gui_zoom -window [gui_get_current_window -types Layout -mru] -factor 0.5 -at_point {1468.0050 4408.5150}
gui_zoom -window [gui_get_current_window -types Layout -mru] -factor 0.5 -at_point {1481.1150 4415.0700}
gui_zoom -window [gui_get_current_window -types Layout -mru] -factor 0.5 -at_point {1481.1150 4415.0700}
gui_zoom -window [gui_get_current_window -types Layout -mru] -factor 2 -at_point {2202.0100 1846.0600}
gui_zoom -window [gui_get_current_window -types Layout -mru] -factor 2 -at_point {2202.0100 1846.0600}
gui_zoom -window [gui_get_current_window -types Layout -mru] -factor 2 -at_point {2202.0100 1846.0600}
gui_zoom -window [gui_get_current_window -types Layout -mru] -factor 0.5 -at_point {2202.0100 1846.0600}
gui_zoom -window [gui_get_current_window -types Layout -mru] -factor 0.5 -at_point {2202.0100 1846.0600}
gui_zoom -window [gui_get_current_window -types Layout -mru] -factor 0.5 -at_point {2202.0100 1846.0600}
gui_zoom -window [gui_get_current_window -types Layout -mru] -factor 2 -at_point {0.0000 115.9050}
gui_zoom -window [gui_get_current_window -types Layout -mru] -factor 2 -at_point {0.0000 115.9050}
gui_zoom -window [gui_get_current_window -types Layout -mru] -factor 2 -at_point {0.0000 115.9050}
gui_zoom -window [gui_get_current_window -types Layout -mru] -factor 2 -at_point {0.0000 115.9050}
gui_zoom -window [gui_get_current_window -types Layout -mru] -factor 2 -at_point {0.0000 115.9050}
gui_zoom -window [gui_get_current_window -types Layout -mru] -factor 2 -at_point {0.0000 115.9050}
gui_zoom -window [gui_get_current_window -types Layout -mru] -factor 0.5 -at_point {0.0000 115.9050}
gui_zoom -window [gui_get_current_window -types Layout -mru] -factor 0.5 -at_point {0.0000 115.9050}
gui_zoom -window [gui_get_current_window -types Layout -mru] -factor 0.5 -at_point {0.0000 115.9050}
gui_zoom -window [gui_get_current_window -types Layout -mru] -factor 0.5 -at_point {0.0000 115.9050}
gui_zoom -window [gui_get_current_window -types Layout -mru] -factor 0.5 -at_point {0.0000 115.9050}
gui_zoom -window [gui_get_current_window -types Layout -mru] -factor 0.5 -at_point {0.0000 115.9050}
gui_zoom -window [gui_get_current_window -types Layout -mru] -factor 2 -at_point {0.0000 115.9050}
gui_zoom -window [gui_get_current_window -types Layout -mru] -factor 2 -at_point {0.0000 115.9050}
gui_zoom -window [gui_get_current_window -types Layout -mru] -factor 2 -at_point {0.0000 115.9050}
gui_zoom -window [gui_get_current_window -types Layout -mru] -factor 0.5 -at_point {0.0000 115.9050}
gui_zoom -window [gui_get_current_window -types Layout -mru] -factor 0.5 -at_point {0.0000 115.9050}
gui_zoom -window [gui_get_current_window -types Layout -mru] -factor 0.5 -at_point {0.0000 115.9050}
gui_zoom -window [gui_get_current_window -types Layout -mru] -factor 2 -at_point {1074.7900 5463.6450}
gui_zoom -window [gui_get_current_window -types Layout -mru] -factor 2 -at_point {1074.7900 5240.8200}
gui_zoom -window [gui_get_current_window -types Layout -mru] -factor 2 -at_point {1074.7900 5129.4100}
gui_zoom -window [gui_get_current_window -types Layout -mru] -factor 0.5 -at_point {1078.0650 5070.4300}
gui_zoom -window [gui_get_current_window -types Layout -mru] -factor 0.5 -at_point {1094.4500 5090.0900}
gui_zoom -window [gui_get_current_window -types Layout -mru] -factor 2 -at_point {1271.4000 4585.4600}
gui_zoom -window [gui_get_current_window -types Layout -mru] -factor 2 -at_point {1271.4000 4585.4600}
gui_zoom -window [gui_get_current_window -types Layout -mru] -factor 2 -at_point {1271.4000 4585.4600}
gui_zoom -window [gui_get_current_window -types Layout -mru] -factor 2 -at_point {1271.4000 4585.4600}
gui_zoom -window [gui_get_current_window -types Layout -mru] -factor 2 -at_point {1271.4000 4585.4600}
gui_zoom -window [gui_get_current_window -types Layout -mru] -factor 0.5 -at_point {1271.4000 4585.4600}
gui_zoom -window [gui_get_current_window -types Layout -mru] -factor 0.5 -at_point {1271.4000 4585.4600}
gui_zoom -window [gui_get_current_window -types Layout -mru] -factor 0.5 -at_point {1271.4000 4585.4600}
gui_zoom -window [gui_get_current_window -types Layout -mru] -factor 0.5 -at_point {1271.4000 4585.4600}
gui_zoom -window [gui_get_current_window -types Layout -mru] -factor 2 -at_point {1127.2200 4618.2300}
gui_zoom -window [gui_get_current_window -types Layout -mru] -factor 2 -at_point {1474.5600 4611.6750}
gui_zoom -window [gui_get_current_window -types Layout -mru] -factor 2 -at_point {1474.5600 4611.6750}
gui_zoom -window [gui_get_current_window -types Layout -mru] -factor 0.5 -at_point {1474.5600 4611.6750}
gui_zoom -window [gui_get_current_window -types Layout -mru] -factor 0.5 -at_point {1474.5600 4611.6750}
gui_zoom -window [gui_get_current_window -types Layout -mru] -factor 0.5 -at_point {1474.5600 4611.6750}
gui_zoom -window [gui_get_current_window -types Layout -mru] -factor 0.5 -at_point {1474.5600 4611.6750}
gui_zoom -window [gui_get_current_window -types Layout -mru] -factor 0.5 -at_point {1468.0050 4611.6750}
gui_zoom -window [gui_get_current_window -types Layout -mru] -factor 2 -at_point {1520.4350 1531.4850}
gui_zoom -window [gui_get_current_window -types Layout -mru] -factor 2 -at_point {1520.4350 1531.4850}
gui_zoom -window [gui_get_current_window -types Layout -mru] -factor 2 -at_point {1520.4350 1590.4650}
gui_zoom -window [gui_get_current_window -types Layout -mru] -factor 2 -at_point {1520.4350 1590.4650}
gui_zoom -window [gui_get_current_window -types Layout -mru] -factor 2 -at_point {1520.4350 1590.4650}
gui_zoom -window [gui_get_current_window -types Layout -mru] -factor 2 -at_point {1520.4350 1590.4650}
gui_zoom -window [gui_get_current_window -types Layout -mru] -factor 2 -at_point {1520.4350 1590.4650}
gui_zoom -window [gui_get_current_window -types Layout -mru] -factor 2 -at_point {1520.4350 1590.4650}
gui_zoom -window [gui_get_current_window -types Layout -mru] -factor 0.5 -at_point {1520.4350 1590.4650}
gui_zoom -window [gui_get_current_window -types Layout -mru] -factor 0.5 -at_point {1520.4350 1590.4650}
gui_zoom -window [gui_get_current_window -types Layout -mru] -factor 0.5 -at_point {1520.4350 1590.4650}
gui_zoom -window [gui_get_current_window -types Layout -mru] -factor 0.5 -at_point {1520.4350 1590.4650}
gui_zoom -window [gui_get_current_window -types Layout -mru] -factor 0.5 -at_point {1520.4350 1590.4650}
gui_zoom -window [gui_get_current_window -types Layout -mru] -factor 0.5 -at_point {1520.4350 1590.4650}
gui_zoom -window [gui_get_current_window -types Layout -mru] -factor 0.5 -at_point {1520.4350 1590.4650}
gui_zoom -window [gui_get_current_window -types Layout -mru] -factor 0.5 -at_point {1585.9700 1557.7000}
gui_zoom -window [gui_get_current_window -types Layout -mru] -factor 2 -at_point {1730.1500 5149.0700}
gui_zoom -window [gui_get_current_window -types Layout -mru] -factor 2 -at_point {1730.1500 5083.5350}
gui_zoom -window [gui_get_current_window -types Layout -mru] -factor 2 -at_point {1730.1500 5050.7700}
gui_zoom -window [gui_get_current_window -types Layout -mru] -factor 2 -at_point {1730.1500 5034.3850}
gui_zoom -window [gui_get_current_window -types Layout -mru] -factor 2 -at_point {1726.8750 5021.2750}
gui_zoom -window [gui_get_current_window -types Layout -mru] -factor 0.5 -at_point {1701.4800 4983.5950}
gui_zoom -window [gui_get_current_window -types Layout -mru] -factor 0.5 -at_point {1699.0200 4978.6800}
gui_zoom -window [gui_get_current_window -types Layout -mru] -factor 0.5 -at_point {1697.3800 4978.6800}
gui_zoom -window [gui_get_current_window -types Layout -mru] -factor 0.5 -at_point {1697.3800 4978.6800}
gui_zoom -window [gui_get_current_window -types Layout -mru] -factor 2 -at_point {1389.3650 4624.7850}
gui_zoom -window [gui_get_current_window -types Layout -mru] -factor 2 -at_point {1389.3650 4624.7850}
gui_zoom -window [gui_get_current_window -types Layout -mru] -factor 2 -at_point {1389.3650 4624.7850}
gui_zoom -window [gui_get_current_window -types Layout -mru] -factor 2 -at_point {1389.3650 4624.7850}
gui_zoom -window [gui_get_current_window -types Layout -mru] -factor 0.5 -at_point {1389.3650 4624.7850}
gui_zoom -window [gui_get_current_window -types Layout -mru] -factor 0.5 -at_point {1389.3650 4624.7850}
gui_zoom -window [gui_get_current_window -types Layout -mru] -factor 0.5 -at_point {1389.3650 4624.7850}
gui_zoom -window [gui_get_current_window -types Layout -mru] -factor 0.5 -at_point {1389.3650 4624.7850}
gui_zoom -window [gui_get_current_window -types Layout -mru] -factor 2 -at_point {1336.9350 3851.4600}
gui_zoom -window [gui_get_current_window -types Layout -mru] -factor 2 -at_point {1336.9350 3844.9050}
gui_zoom -window [gui_get_current_window -types Layout -mru] -factor 2 -at_point {1336.9350 3844.9050}
gui_zoom -window [gui_get_current_window -types Layout -mru] -factor 2 -at_point {1336.9350 3844.9050}
gui_zoom -window [gui_get_current_window -types Layout -mru] -factor 2 -at_point {1336.9350 3844.9050}
gui_zoom -window [gui_get_current_window -types Layout -mru] -factor 2 -at_point {1336.9350 3844.9050}
gui_zoom -window [gui_get_current_window -types Layout -mru] -factor 2 -at_point {1336.9350 3844.9050}
gui_zoom -window [gui_get_current_window -types Layout -mru] -factor 2 -at_point {1336.9350 3844.9050}
gui_zoom -window [gui_get_current_window -types Layout -mru] -factor 2 -at_point {1336.9350 3844.9050}
gui_zoom -window [gui_get_current_window -types Layout -mru] -factor 2 -at_point {1336.9450 3844.8950}
gui_zoom -window [gui_get_current_window -types Layout -mru] -factor 2 -at_point {1336.9500 3844.8950}
gui_zoom -window [gui_get_current_window -types Layout -mru] -factor 0.5 -at_point {1336.9550 3844.8950}
gui_zoom -window [gui_get_current_window -types Layout -mru] -factor 0.5 -at_point {1336.9550 3844.9000}
gui_zoom -window [gui_get_current_window -types Layout -mru] -factor 0.5 -at_point {1337.1900 3844.8150}
gui_zoom -window [gui_get_current_window -types Layout -mru] -factor 0.5 -at_point {1337.1850 3844.7450}
gui_zoom -window [gui_get_current_window -types Layout -mru] -factor 0.5 -at_point {1337.1400 3844.7000}
gui_zoom -window [gui_get_current_window -types Layout -mru] -factor 0.5 -at_point {1337.1400 3844.7000}
gui_zoom -window [gui_get_current_window -types Layout -mru] -factor 0.5 -at_point {1337.3450 3844.4950}
gui_zoom -window [gui_get_current_window -types Layout -mru] -factor 0.5 -at_point {1337.7550 3844.0850}
gui_zoom -window [gui_get_current_window -types Layout -mru] -factor 0.5 -at_point {1338.5750 3843.2650}
gui_zoom -window [gui_get_current_window -types Layout -mru] -factor 0.5 -at_point {1340.2100 3841.6300}
gui_zoom -window [gui_get_current_window -types Layout -mru] -factor 0.5 -at_point {1350.0400 3818.6900}
gui_zoom -window [gui_get_current_window -types Layout -mru] -factor 0.5 -at_point {1350.0400 3812.1400}
gui_zoom -window [gui_get_current_window -types Layout -mru] -factor 0.5 -at_point {1336.9350 3812.1400}
gui_zoom -window [gui_get_current_window -types Layout -mru] -factor 2 -at_point {1179.6500 3314.0650}
gui_zoom -window [gui_get_current_window -types Layout -mru] -factor 2 -at_point {1179.6500 3314.0650}
gui_zoom -window [gui_get_current_window -types Layout -mru] -factor 2 -at_point {1179.6500 3314.0650}
gui_zoom -window [gui_get_current_window -types Layout -mru] -factor 0.5 -at_point {1179.6500 3314.0650}
gui_zoom -window [gui_get_current_window -types Layout -mru] -factor 0.5 -at_point {1179.6500 3314.0650}
close_lib
open_lib /home/01fe21bec256/1.Internship_Project/Alnitak/Alnitak_2/vega.ndm -edit
open_block -ref_libs_for_edit /home/01fe21bec256/1.Internship_Project/Alnitak/Alnitak_2/vega.ndm:vega.design
win_set_select_class -visible {cell port bound routing_blockage shaping_blockage pg_region bump_region pseudo_bump pseudo_tsv pin_blockage block_shielding topology_node topology_edge topology_repeater annotation_shape core_area die_area edit_group shape via terminal fill_cell metal_area metal_area_hole placement_blockage }
win_set_select_class {cell port bound routing_blockage shaping_blockage pg_region bump_region pseudo_bump pseudo_tsv pin_blockage topology_node topology_edge topology_repeater annotation_shape edit_group shape via metal_area metal_area_hole placement_blockage }
link_block
gui_zoom -window [gui_get_current_window -types Layout -mru] -factor 2 -at_point {252.9650 2215.5250}
gui_zoom -window [gui_get_current_window -types Layout -mru] -factor 2 -at_point {252.4550 2215.4200}
gui_zoom -window [gui_get_current_window -types Layout -mru] -factor 2 -at_point {252.4550 2215.4200}
gui_zoom -window [gui_get_current_window -types Layout -mru] -factor 0.5 -at_point {252.8150 2215.4200}
gui_zoom -window [gui_get_current_window -types Layout -mru] -factor 0.5 -at_point {253.1700 2215.4200}
gui_zoom -window [gui_get_current_window -types Layout -mru] -factor 0.5 -at_point {252.4550 2213.9950}
gui_zoom -window [gui_get_current_window -types Layout -mru] -factor 2 -at_point {265.2950 2276.7550}
gui_zoom -window [gui_get_current_window -types Layout -mru] -factor 2 -at_point {265.2950 2275.3250}
gui_zoom -window [gui_get_current_window -types Layout -mru] -factor 2 -at_point {265.2950 2274.6150}
gui_set_setting -window [gui_get_current_window -types Layout -mru] -setting showPin -value true
win_set_select_class -visible {cell pin port bound routing_blockage shaping_blockage pg_region bump_region pseudo_bump pseudo_tsv pin_blockage block_shielding topology_node topology_edge topology_repeater annotation_shape core_area die_area edit_group shape via terminal fill_cell metal_area metal_area_hole placement_blockage }
win_set_select_class {cell pin port bound routing_blockage shaping_blockage pg_region bump_region pseudo_bump pseudo_tsv pin_blockage topology_node topology_edge topology_repeater annotation_shape edit_group shape via metal_area metal_area_hole placement_blockage }
gui_mouse_tool -window [gui_get_current_window -types Layout -mru] -start RulerTool
gui_mouse_tool -window [gui_get_current_window -types Layout -mru] -add_point {214.6600 2220.4150} -scale 0.35658
gui_mouse_tool -window [gui_get_current_window -types Layout -mru] -add_point {277.0600 2220.0550} -scale 0.35658
gui_mouse_tool -window [gui_get_current_window -types Layout -mru] -add_point {215.0150 2218.6300} -scale 0.35658
gui_mouse_tool -window [gui_get_current_window -types Layout -mru] -add_point {246.0400 2186.8950} -scale 0.35658
gui_mouse_tool -window [gui_get_current_window -types Layout -mru] -add_point {215.0150 2217.2050} -scale 0.35658
gui_mouse_tool -window [gui_get_current_window -types Layout -mru] -add_point {215.0150 2153.7350} -scale 0.35658
gui_mouse_tool -window [gui_get_current_window -types Layout -mru] -add_point {214.6600 2219.7000} -scale 0.35658
gui_mouse_tool -window [gui_get_current_window -types Layout -mru] -add_point {179.7150 2252.1500} -scale 0.35658
gui_mouse_tool -window [gui_get_current_window -types Layout -mru] -add_point {152.9700 2157.6550} -scale 0.35658
gui_mouse_tool -window [gui_get_current_window -types Layout -mru] -add_point {118.3850 2119.8600} -scale 0.35658
gui_mouse_tool -window [gui_get_current_window -types Layout -mru] -reset
gui_mouse_tool -window [gui_get_current_window -types Layout -mru] -cancel
gui_mouse_tool -window [gui_get_current_window -types Layout -mru] -start DeleteTool
gui_set_mouse_tool_option -tool DeleteTool -option {removeDisconnected} -value false
gui_mouse_tool -window [gui_get_current_window -types Layout -mru] -add_point {229.2800 2202.9400} -scale 0.35658
gui_mouse_tool -window [gui_get_current_window -types Layout -mru] -add_point {231.0600 2202.2300} -scale 0.35658
gui_mouse_tool -window [gui_get_current_window -types Layout -mru] -reset
gui_mouse_tool -window [gui_get_current_window -types Layout -mru] -cancel
gui_zoom -window [gui_get_current_window -types Layout -mru] -factor 0.5 -at_point {447.8600 2161.2200}
gui_zoom -window [gui_get_current_window -types Layout -mru] -factor 0.5 -at_point {497.7800 2159.0800}
gui_zoom -window [gui_get_current_window -types Layout -mru] -factor 2 -at_point {402.2200 2301.0000}
gui_zoom -window [gui_get_current_window -types Layout -mru] -factor 2 -at_point {399.3650 2287.4500}
gui_zoom -window [gui_get_current_window -types Layout -mru] -factor 0.5 -at_point {254.9550 2236.4600}
gui_zoom -window [gui_get_current_window -types Layout -mru] -factor 0.5 -at_point {253.8850 2236.8150}
gui_zoom -window [gui_get_current_window -types Layout -mru] -factor 2 -at_point {231.0600 2243.9500}
gui_zoom -window [gui_get_current_window -types Layout -mru] -factor 2 -at_point {223.9300 2250.3650}
close_lib
open_lib /home/01fe21bec256/1.Internship_Project/Alnitak/Alnitak_2/top_alnitak_2.ndm -edit
open_block -ref_libs_for_edit /home/01fe21bec256/1.Internship_Project/Alnitak/Alnitak_2/top_alnitak_2.ndm:top_alnitak_2.design
